Release 14.7 - xst P.20131013 (nt64)
Copyright (c) 1995-2013 Xilinx, Inc.  All rights reserved.
--> Parameter TMPDIR set to xst/projnav.tmp


Total REAL time to Xst completion: 1.00 secs
Total CPU time to Xst completion: 0.22 secs
 
--> Parameter xsthdpdir set to xst


Total REAL time to Xst completion: 1.00 secs
Total CPU time to Xst completion: 0.22 secs
 
--> Reading design: Top_Simple_CPU_App.prj

TABLE OF CONTENTS
  1) Synthesis Options Summary
  2) HDL Parsing
  3) HDL Elaboration
  4) HDL Synthesis
       4.1) HDL Synthesis Report
  5) Advanced HDL Synthesis
       5.1) Advanced HDL Synthesis Report
  6) Low Level Synthesis
  7) Partition Report
  8) Design Summary
       8.1) Primitive and Black Box Usage
       8.2) Device utilization summary
       8.3) Partition Resource Summary
       8.4) Timing Report
            8.4.1) Clock Information
            8.4.2) Asynchronous Control Signals Information
            8.4.3) Timing Summary
            8.4.4) Timing Details
            8.4.5) Cross Clock Domains Report


=========================================================================
*                      Synthesis Options Summary                        *
=========================================================================
---- Source Parameters
Input File Name                    : "Top_Simple_CPU_App.prj"
Ignore Synthesis Constraint File   : NO

---- Target Parameters
Output File Name                   : "Top_Simple_CPU_App"
Output Format                      : NGC
Target Device                      : xc7k160t-2L-ffg676

---- Source Options
Top Module Name                    : Top_Simple_CPU_App
Automatic FSM Extraction           : YES
FSM Encoding Algorithm             : Auto
Safe Implementation                : No
FSM Style                          : LUT
RAM Extraction                     : Yes
RAM Style                          : Auto
ROM Extraction                     : Yes
Shift Register Extraction          : YES
ROM Style                          : Auto
Resource Sharing                   : YES
Asynchronous To Synchronous        : NO
Shift Register Minimum Size        : 2
Use DSP Block                      : Auto
Automatic Register Balancing       : No

---- Target Options
LUT Combining                      : Auto
Reduce Control Sets                : Auto
Add IO Buffers                     : YES
Global Maximum Fanout              : 100000
Add Generic Clock Buffer(BUFG)     : 32
Register Duplication               : YES
Optimize Instantiated Primitives   : NO
Use Clock Enable                   : Auto
Use Synchronous Set                : Auto
Use Synchronous Reset              : Auto
Pack IO Registers into IOBs        : Auto
Equivalent register Removal        : YES

---- General Options
Optimization Goal                  : Speed
Optimization Effort                : 1
Power Reduction                    : NO
Keep Hierarchy                     : No
Netlist Hierarchy                  : As_Optimized
RTL Output                         : Yes
Global Optimization                : AllClockNets
Read Cores                         : YES
Write Timing Constraints           : NO
Cross Clock Analysis               : NO
Hierarchy Separator                : /
Bus Delimiter                      : <>
Case Specifier                     : Maintain
Slice Utilization Ratio            : 100
BRAM Utilization Ratio             : 100
DSP48 Utilization Ratio            : 100
Auto BRAM Packing                  : NO
Slice Utilization Ratio Delta      : 5

---- Other Options
Cores Search Directories           : {"ipcore_dir"  }

=========================================================================


=========================================================================
*                          HDL Parsing                                  *
=========================================================================
Analyzing Verilog file "C:\Users\TLT3620\Downloads\OExp07-Datapath\xor32.v" into library work
Parsing module <xor32>.
Analyzing Verilog file "C:\Users\TLT3620\Downloads\OExp07-Datapath\srl32.v" into library work
Parsing module <srl32>.
Analyzing Verilog file "C:\Users\TLT3620\Downloads\OExp07-Datapath\SignalExt_32.v" into library work
Parsing module <SignalExt_32>.
Analyzing Verilog file "C:\Users\TLT3620\Downloads\OExp07-Datapath\or_bit_32 .v" into library work
Parsing module <or_bit_32>.
Analyzing Verilog file "C:\Users\TLT3620\Downloads\OExp07-Datapath\or32.v" into library work
Parsing module <or32>.
Analyzing Verilog file "C:\Users\TLT3620\Downloads\OExp07-Datapath\nor32.v" into library work
Parsing module <nor32>.
Analyzing Verilog file "C:\Users\TLT3620\Downloads\OExp07-Datapath\MUX8T1_32.v" into library work
Parsing module <MUX8T1_32>.
Analyzing Verilog file "C:\Users\TLT3620\Downloads\OExp07-Datapath\and32.v" into library work
Parsing module <and32>.
Analyzing Verilog file "C:\Users\TLT3620\Downloads\OExp07-Datapath\addc_32.v" into library work
Parsing module <ADC32>.
Analyzing Verilog file "C:\Users\TLT3620\Downloads\OExp07-Datapath\Regs.v" into library work
Parsing module <Regs>.
Analyzing Verilog file "C:\Users\TLT3620\Downloads\OExp07-Datapath\REG32.v" into library work
Parsing module <REG32>.
Analyzing Verilog file "C:\Users\TLT3620\Downloads\OExp07-Datapath\MUX4T1_32.v" into library work
Parsing module <MUX4T1_32>.
Analyzing Verilog file "C:\Users\TLT3620\Downloads\OExp07-Datapath\MUX2T1_5.v" into library work
Parsing module <MUX2T1_5>.
Analyzing Verilog file "C:\Users\TLT3620\Downloads\OExp07-Datapath\MUX2T1_32.v" into library work
Parsing module <MUX2T1_32>.
Analyzing Verilog file "C:\Users\TLT3620\Downloads\OExp07-Datapath\Ext_imm16.v" into library work
Parsing module <Ext_32>.
Analyzing Verilog file "C:\Users\TLT3620\Downloads\OExp07-Datapath\alu.vf" into library work
Parsing module <alu>.
Analyzing Verilog file "C:\Users\TLT3620\Downloads\OExp07-Datapath\add_32.v" into library work
Parsing module <add_32>.
Analyzing Verilog file "C:\Users\TLT3620\Downloads\OExp07-Datapath\SCPU_ctrl.v" into library work
Parsing module <SCPU_ctrl>.
Analyzing Verilog file "C:\Users\TLT3620\Downloads\OExp07-Datapath\Data_path.vf" into library work
Parsing module <alu_MUSER_Data_path>.
Parsing module <Data_path>.
Analyzing Verilog file "C:\Users\TLT3620\Downloads\OExp07-Datapath\SSeg7_Dev_IO.v" into library work
Parsing module <SSeg7_Dev>.
Analyzing Verilog file "C:\Users\TLT3620\Downloads\OExp07-Datapath\SPIO_IO.v" into library work
Parsing module <SPIO>.
Analyzing Verilog file "C:\Users\TLT3620\Downloads\OExp07-Datapath\SEnter_2_32_IO.v" into library work
Parsing module <SEnter_2_32>.
Analyzing Verilog file "C:\Users\TLT3620\Downloads\OExp07-Datapath\Seg7_Dev_IO.v" into library work
Parsing module <Seg7_Dev>.
Analyzing Verilog file "C:\Users\TLT3620\Downloads\OExp07-Datapath\SCPU.vf" into library work
Parsing module <alu_MUSER_SCPU>.
Parsing module <Data_path_MUSER_SCPU>.
Parsing module <SCPU>.
Analyzing Verilog file "C:\Users\TLT3620\Downloads\OExp07-Datapath\SAnti_jitter_IO.v" into library work
Parsing module <SAnti_jitter>.
Analyzing Verilog file "C:\Users\TLT3620\Downloads\OExp07-Datapath\PIO_IO.v" into library work
Parsing module <PIO>.
Analyzing Verilog file "C:\Users\TLT3620\Downloads\OExp07-Datapath\Multi_8CH32_IO.v" into library work
Parsing module <Multi_8CH32>.
Analyzing Verilog file "C:\Users\TLT3620\Downloads\OExp07-Datapath\MIO_BUS_IO.v" into library work
Parsing module <MIO_BUS>.
Analyzing Verilog file "C:\Users\TLT3620\Downloads\OExp07-Datapath\ipcore_dir\ROM_D.v" into library work
Parsing module <ROM_D>.
Analyzing Verilog file "C:\Users\TLT3620\Downloads\OExp07-Datapath\ipcore_dir\RAM_B.v" into library work
Parsing module <RAM_B>.
Analyzing Verilog file "C:\Users\TLT3620\Downloads\OExp07-Datapath\Counter_3_IO.v" into library work
Parsing module <Counter_x>.
Analyzing Verilog file "C:\Users\TLT3620\Downloads\OExp07-Datapath\clk_div.v" into library work
Parsing module <clk_div>.
Analyzing Verilog file "C:\Users\TLT3620\Downloads\OExp07-Datapath\Top_Simple_CPU_App.vf" into library work
Parsing module <alu_MUSER_Top_Simple_CPU_App>.
Parsing module <Data_path_MUSER_Top_Simple_CPU_App>.
Parsing module <SCPU_MUSER_Top_Simple_CPU_App>.
Parsing module <Top_Simple_CPU_App>.

=========================================================================
*                            HDL Elaboration                            *
=========================================================================

Elaborating module <Top_Simple_CPU_App>.

Elaborating module <SEnter_2_32>.
WARNING:HDLCompiler:1499 - "C:\Users\TLT3620\Downloads\OExp07-Datapath\SEnter_2_32_IO.v" Line 21: Empty module <SEnter_2_32> remains a black box.
WARNING:HDLCompiler:1127 - "C:\Users\TLT3620\Downloads\OExp07-Datapath\Top_Simple_CPU_App.vf" Line 355: Assignment to Ai ignored, since the identifier is never used
WARNING:HDLCompiler:1127 - "C:\Users\TLT3620\Downloads\OExp07-Datapath\Top_Simple_CPU_App.vf" Line 356: Assignment to Bi ignored, since the identifier is never used
WARNING:HDLCompiler:1127 - "C:\Users\TLT3620\Downloads\OExp07-Datapath\Top_Simple_CPU_App.vf" Line 357: Assignment to blink ignored, since the identifier is never used

Elaborating module <ROM_D>.
WARNING:HDLCompiler:1499 - "C:\Users\TLT3620\Downloads\OExp07-Datapath\ipcore_dir\ROM_D.v" Line 39: Empty module <ROM_D> remains a black box.

Elaborating module <RAM_B>.
WARNING:HDLCompiler:1499 - "C:\Users\TLT3620\Downloads\OExp07-Datapath\ipcore_dir\RAM_B.v" Line 39: Empty module <RAM_B> remains a black box.

Elaborating module <MIO_BUS>.
WARNING:HDLCompiler:1499 - "C:\Users\TLT3620\Downloads\OExp07-Datapath\MIO_BUS_IO.v" Line 21: Empty module <MIO_BUS> remains a black box.

Elaborating module <Multi_8CH32>.
WARNING:HDLCompiler:1499 - "C:\Users\TLT3620\Downloads\OExp07-Datapath\Multi_8CH32_IO.v" Line 21: Empty module <Multi_8CH32> remains a black box.

Elaborating module <SSeg7_Dev>.
WARNING:HDLCompiler:1499 - "C:\Users\TLT3620\Downloads\OExp07-Datapath\SSeg7_Dev_IO.v" Line 21: Empty module <SSeg7_Dev> remains a black box.

Elaborating module <SPIO>.
WARNING:HDLCompiler:1499 - "C:\Users\TLT3620\Downloads\OExp07-Datapath\SPIO_IO.v" Line 21: Empty module <SPIO> remains a black box.

Elaborating module <clk_div>.

Elaborating module <SAnti_jitter>.
WARNING:HDLCompiler:1499 - "C:\Users\TLT3620\Downloads\OExp07-Datapath\SAnti_jitter_IO.v" Line 21: Empty module <SAnti_jitter> remains a black box.
WARNING:HDLCompiler:1127 - "C:\Users\TLT3620\Downloads\OExp07-Datapath\Top_Simple_CPU_App.vf" Line 446: Assignment to Pulse ignored, since the identifier is never used

Elaborating module <Counter_x>.
WARNING:HDLCompiler:1127 - "C:\Users\TLT3620\Downloads\OExp07-Datapath\Counter_3_IO.v" Line 43: Assignment to M2 ignored, since the identifier is never used
WARNING:HDLCompiler:634 - "C:\Users\TLT3620\Downloads\OExp07-Datapath\Counter_3_IO.v" Line 36: Net <counter1[32]> does not have a driver.

Elaborating module <Seg7_Dev>.
WARNING:HDLCompiler:1499 - "C:\Users\TLT3620\Downloads\OExp07-Datapath\Seg7_Dev_IO.v" Line 21: Empty module <Seg7_Dev> remains a black box.

Elaborating module <PIO>.
WARNING:HDLCompiler:1499 - "C:\Users\TLT3620\Downloads\OExp07-Datapath\PIO_IO.v" Line 21: Empty module <PIO> remains a black box.

Elaborating module <BUF>.

Elaborating module <VCC>.

Elaborating module <GND>.

Elaborating module <INV>.

Elaborating module <SCPU_MUSER_Top_Simple_CPU_App>.

Elaborating module <Data_path_MUSER_Top_Simple_CPU_App>.

Elaborating module <add_32>.

Elaborating module <Ext_32>.

Elaborating module <MUX2T1_5>.

Elaborating module <MUX2T1_32>.

Elaborating module <REG32>.

Elaborating module <alu_MUSER_Top_Simple_CPU_App>.

Elaborating module <ADC32>.

Elaborating module <and32>.

Elaborating module <or32>.

Elaborating module <xor32>.

Elaborating module <nor32>.

Elaborating module <srl32>.

Elaborating module <or_bit_32>.
WARNING:HDLCompiler:413 - "C:\Users\TLT3620\Downloads\OExp07-Datapath\or_bit_32 .v" Line 25: Result of 32-bit expression is truncated to fit in 1-bit target.

Elaborating module <MUX8T1_32>.

Elaborating module <SignalExt_32>.

Elaborating module <Regs>.

Elaborating module <MUX4T1_32>.
WARNING:HDLCompiler:634 - "C:\Users\TLT3620\Downloads\OExp07-Datapath\Top_Simple_CPU_App.vf" Line 125: Net <inst[15]> does not have a driver.

Elaborating module <SCPU_ctrl>.
WARNING:HDLCompiler:552 - "C:\Users\TLT3620\Downloads\OExp07-Datapath\Top_Simple_CPU_App.vf" Line 484: Input port MIO_ready is not connected on this instance

=========================================================================
*                           HDL Synthesis                               *
=========================================================================

Synthesizing Unit <Top_Simple_CPU_App>.
    Related source file is "C:\Users\TLT3620\Downloads\OExp07-Datapath\Top_Simple_CPU_App.vf".
WARNING:Xst:2898 - Port 'MIO_ready', unconnected in block instance 'XLXI_25', is tied to GND.
INFO:Xst:3210 - "C:\Users\TLT3620\Downloads\OExp07-Datapath\Top_Simple_CPU_App.vf" line 350: Output port <Ai> of the instance <M4> is unconnected or connected to loadless signal.
INFO:Xst:3210 - "C:\Users\TLT3620\Downloads\OExp07-Datapath\Top_Simple_CPU_App.vf" line 350: Output port <Bi> of the instance <M4> is unconnected or connected to loadless signal.
INFO:Xst:3210 - "C:\Users\TLT3620\Downloads\OExp07-Datapath\Top_Simple_CPU_App.vf" line 350: Output port <blink> of the instance <M4> is unconnected or connected to loadless signal.
INFO:Xst:3210 - "C:\Users\TLT3620\Downloads\OExp07-Datapath\Top_Simple_CPU_App.vf" line 419: Output port <GPIOf0> of the instance <U7> is unconnected or connected to loadless signal.
INFO:Xst:3210 - "C:\Users\TLT3620\Downloads\OExp07-Datapath\Top_Simple_CPU_App.vf" line 436: Output port <pulse_out> of the instance <U9> is unconnected or connected to loadless signal.
INFO:Xst:3210 - "C:\Users\TLT3620\Downloads\OExp07-Datapath\Top_Simple_CPU_App.vf" line 469: Output port <counter_set> of the instance <XLXI_19> is unconnected or connected to loadless signal.
INFO:Xst:3210 - "C:\Users\TLT3620\Downloads\OExp07-Datapath\Top_Simple_CPU_App.vf" line 469: Output port <GPIOf0> of the instance <XLXI_19> is unconnected or connected to loadless signal.
INFO:Xst:3210 - "C:\Users\TLT3620\Downloads\OExp07-Datapath\Top_Simple_CPU_App.vf" line 484: Output port <CPU_MIO> of the instance <XLXI_25> is unconnected or connected to loadless signal.
    Summary:
	no macro.
Unit <Top_Simple_CPU_App> synthesized.

Synthesizing Unit <clk_div>.
    Related source file is "C:\Users\TLT3620\Downloads\OExp07-Datapath\clk_div.v".
    Found 32-bit register for signal <clkdiv>.
    Found 32-bit adder for signal <clkdiv[31]_GND_9_o_add_0_OUT> created at line 32.
    Summary:
	inferred   1 Adder/Subtractor(s).
	inferred  32 D-type flip-flop(s).
	inferred   1 Multiplexer(s).
Unit <clk_div> synthesized.

Synthesizing Unit <Counter_x>.
    Related source file is "C:\Users\TLT3620\Downloads\OExp07-Datapath\Counter_3_IO.v".
WARNING:Xst:647 - Input <clk1> is never used. This port will be preserved and left unconnected if it belongs to a top-level block or it belongs to a sub-block and the hierarchy of this sub-block is preserved.
WARNING:Xst:647 - Input <clk2> is never used. This port will be preserved and left unconnected if it belongs to a top-level block or it belongs to a sub-block and the hierarchy of this sub-block is preserved.
WARNING:Xst:653 - Signal <counter1<32>> is used but never assigned. This sourceless signal will be automatically connected to value GND.
WARNING:Xst:653 - Signal <counter2<32>> is used but never assigned. This sourceless signal will be automatically connected to value GND.
    Found 24-bit register for signal <counter_Ctrl>.
    Found 33-bit register for signal <counter0>.
    Found 32-bit register for signal <counter0_Lock>.
    Found 1-bit register for signal <sq0>.
    Found 1-bit register for signal <M0>.
    Found 1-bit register for signal <clr0>.
    Found 33-bit subtractor for signal <counter0[32]_GND_11_o_sub_26_OUT> created at line 77.
    Found 33-bit 4-to-1 multiplexer for signal <counter_Ctrl[2]_counter0[32]_wide_mux_26_OUT> created at line 70.
    Found 1-bit comparator not equal for signal <n0017> created at line 76
    Summary:
	inferred   1 Adder/Subtractor(s).
	inferred  92 D-type flip-flop(s).
	inferred   1 Comparator(s).
	inferred   5 Multiplexer(s).
Unit <Counter_x> synthesized.

Synthesizing Unit <SCPU_MUSER_Top_Simple_CPU_App>.
    Related source file is "C:\Users\TLT3620\Downloads\OExp07-Datapath\Top_Simple_CPU_App.vf".
WARNING:Xst:647 - Input <INT> is never used. This port will be preserved and left unconnected if it belongs to a top-level block or it belongs to a sub-block and the hierarchy of this sub-block is preserved.
    Summary:
	no macro.
Unit <SCPU_MUSER_Top_Simple_CPU_App> synthesized.

Synthesizing Unit <Data_path_MUSER_Top_Simple_CPU_App>.
    Related source file is "C:\Users\TLT3620\Downloads\OExp07-Datapath\Top_Simple_CPU_App.vf".
INFO:Xst:3210 - "C:\Users\TLT3620\Downloads\OExp07-Datapath\Top_Simple_CPU_App.vf" line 166: Output port <overflow> of the instance <U1> is unconnected or connected to loadless signal.
WARNING:Xst:653 - Signal <inst> is used but never assigned. This sourceless signal will be automatically connected to value GND.
    Summary:
	no macro.
Unit <Data_path_MUSER_Top_Simple_CPU_App> synthesized.

Synthesizing Unit <add_32>.
    Related source file is "C:\Users\TLT3620\Downloads\OExp07-Datapath\add_32.v".
    Found 32-bit adder for signal <c> created at line 26.
    Summary:
	inferred   1 Adder/Subtractor(s).
Unit <add_32> synthesized.

Synthesizing Unit <Ext_32>.
    Related source file is "C:\Users\TLT3620\Downloads\OExp07-Datapath\Ext_imm16.v".
    Summary:
	no macro.
Unit <Ext_32> synthesized.

Synthesizing Unit <MUX2T1_5>.
    Related source file is "C:\Users\TLT3620\Downloads\OExp07-Datapath\MUX2T1_5.v".
    Summary:
	inferred   1 Multiplexer(s).
Unit <MUX2T1_5> synthesized.

Synthesizing Unit <MUX2T1_32>.
    Related source file is "C:\Users\TLT3620\Downloads\OExp07-Datapath\MUX2T1_32.v".
    Summary:
	inferred   1 Multiplexer(s).
Unit <MUX2T1_32> synthesized.

Synthesizing Unit <REG32>.
    Related source file is "C:\Users\TLT3620\Downloads\OExp07-Datapath\REG32.v".
    Found 32-bit register for signal <Q>.
    Summary:
	inferred  32 D-type flip-flop(s).
Unit <REG32> synthesized.

Synthesizing Unit <alu_MUSER_Top_Simple_CPU_App>.
    Related source file is "C:\Users\TLT3620\Downloads\OExp07-Datapath\Top_Simple_CPU_App.vf".
WARNING:Xst:653 - Signal <overflow> is used but never assigned. This sourceless signal will be automatically connected to value GND.
    Summary:
	no macro.
Unit <alu_MUSER_Top_Simple_CPU_App> synthesized.

Synthesizing Unit <ADC32>.
    Related source file is "C:\Users\TLT3620\Downloads\OExp07-Datapath\addc_32.v".
    Found 33-bit adder for signal <n0013> created at line 30.
    Found 33-bit adder for signal <S> created at line 30.
    Summary:
	inferred   2 Adder/Subtractor(s).
Unit <ADC32> synthesized.

Synthesizing Unit <and32>.
    Related source file is "C:\Users\TLT3620\Downloads\OExp07-Datapath\and32.v".
    Summary:
	no macro.
Unit <and32> synthesized.

Synthesizing Unit <or32>.
    Related source file is "C:\Users\TLT3620\Downloads\OExp07-Datapath\or32.v".
    Summary:
	no macro.
Unit <or32> synthesized.

Synthesizing Unit <xor32>.
    Related source file is "C:\Users\TLT3620\Downloads\OExp07-Datapath\xor32.v".
    Summary:
Unit <xor32> synthesized.

Synthesizing Unit <nor32>.
    Related source file is "C:\Users\TLT3620\Downloads\OExp07-Datapath\nor32.v".
    Summary:
	no macro.
Unit <nor32> synthesized.

Synthesizing Unit <srl32>.
    Related source file is "C:\Users\TLT3620\Downloads\OExp07-Datapath\srl32.v".
WARNING:Xst:647 - Input <A> is never used. This port will be preserved and left unconnected if it belongs to a top-level block or it belongs to a sub-block and the hierarchy of this sub-block is preserved.
WARNING:Xst:647 - Input <B<0:0>> is never used. This port will be preserved and left unconnected if it belongs to a top-level block or it belongs to a sub-block and the hierarchy of this sub-block is preserved.
    Summary:
	no macro.
Unit <srl32> synthesized.

Synthesizing Unit <or_bit_32>.
    Related source file is "C:\Users\TLT3620\Downloads\OExp07-Datapath\or_bit_32 .v".
    Summary:
	no macro.
Unit <or_bit_32> synthesized.

Synthesizing Unit <MUX8T1_32>.
    Related source file is "C:\Users\TLT3620\Downloads\OExp07-Datapath\MUX8T1_32.v".
    Found 32-bit 8-to-1 multiplexer for signal <o> created at line 35.
    Summary:
	inferred   1 Multiplexer(s).
Unit <MUX8T1_32> synthesized.

Synthesizing Unit <SignalExt_32>.
    Related source file is "C:\Users\TLT3620\Downloads\OExp07-Datapath\SignalExt_32.v".
    Summary:
	no macro.
Unit <SignalExt_32> synthesized.

Synthesizing Unit <Regs>.
    Related source file is "C:\Users\TLT3620\Downloads\OExp07-Datapath\Regs.v".
    Found 992-bit register for signal <n0051[991:0]>.
    Found 32-bit 31-to-1 multiplexer for signal <R_addr_A[4]_register[31][31]_wide_mux_1_OUT> created at line 35.
    Found 32-bit 31-to-1 multiplexer for signal <R_addr_B[4]_register[31][31]_wide_mux_4_OUT> created at line 36.
    Summary:
	inferred 992 D-type flip-flop(s).
	inferred  35 Multiplexer(s).
Unit <Regs> synthesized.

Synthesizing Unit <MUX4T1_32>.
    Related source file is "C:\Users\TLT3620\Downloads\OExp07-Datapath\MUX4T1_32.v".
    Found 32-bit 4-to-1 multiplexer for signal <o> created at line 11.
    Summary:
	inferred   1 Multiplexer(s).
Unit <MUX4T1_32> synthesized.

Synthesizing Unit <SCPU_ctrl>.
    Related source file is "C:\Users\TLT3620\Downloads\OExp07-Datapath\SCPU_ctrl.v".
WARNING:Xst:647 - Input <MIO_ready> is never used. This port will be preserved and left unconnected if it belongs to a top-level block or it belongs to a sub-block and the hierarchy of this sub-block is preserved.
WARNING:Xst:737 - Found 1-bit latch for signal <ALU_Control<1>>. Latches may be generated from incomplete case or if statements. We do not recommend the use of latches in FPGA/CPLD designs, as they may lead to timing problems.
WARNING:Xst:737 - Found 1-bit latch for signal <ALU_Control<0>>. Latches may be generated from incomplete case or if statements. We do not recommend the use of latches in FPGA/CPLD designs, as they may lead to timing problems.
WARNING:Xst:737 - Found 1-bit latch for signal <ALU_Control<2>>. Latches may be generated from incomplete case or if statements. We do not recommend the use of latches in FPGA/CPLD designs, as they may lead to timing problems.
    Summary:
	inferred   3 Latch(s).
Unit <SCPU_ctrl> synthesized.

=========================================================================
HDL Synthesis Report

Macro Statistics
# Adders/Subtractors                                   : 6
 32-bit adder                                          : 3
 33-bit adder                                          : 2
 33-bit subtractor                                     : 1
# Registers                                            : 9
 1-bit register                                        : 3
 24-bit register                                       : 1
 32-bit register                                       : 3
 33-bit register                                       : 1
 992-bit register                                      : 1
# Latches                                              : 3
 1-bit latch                                           : 3
# Comparators                                          : 1
 1-bit comparator not equal                            : 1
# Multiplexers                                         : 47
 1-bit 2-to-1 multiplexer                              : 1
 32-bit 2-to-1 multiplexer                             : 34
 32-bit 31-to-1 multiplexer                            : 2
 32-bit 4-to-1 multiplexer                             : 2
 32-bit 8-to-1 multiplexer                             : 1
 33-bit 2-to-1 multiplexer                             : 4
 33-bit 4-to-1 multiplexer                             : 1
 5-bit 2-to-1 multiplexer                              : 2
# Xors                                                 : 2
 32-bit xor2                                           : 2

=========================================================================

=========================================================================
*                       Advanced HDL Synthesis                          *
=========================================================================

Reading core <SAnti_jitter.ngc>.
Reading core <SEnter_2_32.ngc>.
Reading core <MIO_BUS.ngc>.
Reading core <SSeg7_Dev.ngc>.
Reading core <Multi_8CH32.ngc>.
Reading core <SPIO.ngc>.
Reading core <PIO.ngc>.
Reading core <ipcore_dir/RAM_B.ngc>.
Reading core <Seg7_Dev.ngc>.
Reading core <ipcore_dir/ROM_D.ngc>.
Loading core <SAnti_jitter> for timing and area information for instance <U9>.
Loading core <SEnter_2_32> for timing and area information for instance <M4>.
Loading core <MIO_BUS> for timing and area information for instance <U4>.
Loading core <SSeg7_Dev> for timing and area information for instance <U6>.
Loading core <Multi_8CH32> for timing and area information for instance <U5>.
Loading core <SPIO> for timing and area information for instance <U7>.
Loading core <PIO> for timing and area information for instance <XLXI_19>.
Loading core <RAM_B> for timing and area information for instance <U3>.
Loading core <Seg7_Dev> for timing and area information for instance <XLXI_18>.
Loading core <ROM_D> for timing and area information for instance <U2>.
WARNING:Xst:2677 - Node <counter_Ctrl_0> of sequential type is unconnected in block <U10>.
WARNING:Xst:2677 - Node <counter_Ctrl_3> of sequential type is unconnected in block <U10>.
WARNING:Xst:2677 - Node <counter_Ctrl_4> of sequential type is unconnected in block <U10>.
WARNING:Xst:2677 - Node <counter_Ctrl_5> of sequential type is unconnected in block <U10>.
WARNING:Xst:2677 - Node <counter_Ctrl_6> of sequential type is unconnected in block <U10>.
WARNING:Xst:2677 - Node <counter_Ctrl_7> of sequential type is unconnected in block <U10>.
WARNING:Xst:2677 - Node <counter_Ctrl_8> of sequential type is unconnected in block <U10>.
WARNING:Xst:2677 - Node <counter_Ctrl_9> of sequential type is unconnected in block <U10>.
WARNING:Xst:2677 - Node <counter_Ctrl_10> of sequential type is unconnected in block <U10>.
WARNING:Xst:2677 - Node <counter_Ctrl_11> of sequential type is unconnected in block <U10>.
WARNING:Xst:2677 - Node <counter_Ctrl_12> of sequential type is unconnected in block <U10>.
WARNING:Xst:2677 - Node <counter_Ctrl_13> of sequential type is unconnected in block <U10>.
WARNING:Xst:2677 - Node <counter_Ctrl_14> of sequential type is unconnected in block <U10>.
WARNING:Xst:2677 - Node <counter_Ctrl_15> of sequential type is unconnected in block <U10>.
WARNING:Xst:2677 - Node <counter_Ctrl_16> of sequential type is unconnected in block <U10>.
WARNING:Xst:2677 - Node <counter_Ctrl_17> of sequential type is unconnected in block <U10>.
WARNING:Xst:2677 - Node <counter_Ctrl_18> of sequential type is unconnected in block <U10>.
WARNING:Xst:2677 - Node <counter_Ctrl_19> of sequential type is unconnected in block <U10>.
WARNING:Xst:2677 - Node <counter_Ctrl_20> of sequential type is unconnected in block <U10>.
WARNING:Xst:2677 - Node <counter_Ctrl_21> of sequential type is unconnected in block <U10>.
WARNING:Xst:2677 - Node <counter_Ctrl_22> of sequential type is unconnected in block <U10>.
WARNING:Xst:2677 - Node <counter_Ctrl_23> of sequential type is unconnected in block <U10>.

Synthesizing (advanced) Unit <clk_div>.
The following registers are absorbed into counter <clkdiv>: 1 register on signal <clkdiv>.
Unit <clk_div> synthesized (advanced).
WARNING:Xst:2677 - Node <counter_Ctrl_0> of sequential type is unconnected in block <Counter_x>.
WARNING:Xst:2677 - Node <counter_Ctrl_3> of sequential type is unconnected in block <Counter_x>.
WARNING:Xst:2677 - Node <counter_Ctrl_4> of sequential type is unconnected in block <Counter_x>.
WARNING:Xst:2677 - Node <counter_Ctrl_5> of sequential type is unconnected in block <Counter_x>.
WARNING:Xst:2677 - Node <counter_Ctrl_6> of sequential type is unconnected in block <Counter_x>.
WARNING:Xst:2677 - Node <counter_Ctrl_7> of sequential type is unconnected in block <Counter_x>.
WARNING:Xst:2677 - Node <counter_Ctrl_8> of sequential type is unconnected in block <Counter_x>.
WARNING:Xst:2677 - Node <counter_Ctrl_9> of sequential type is unconnected in block <Counter_x>.
WARNING:Xst:2677 - Node <counter_Ctrl_10> of sequential type is unconnected in block <Counter_x>.
WARNING:Xst:2677 - Node <counter_Ctrl_11> of sequential type is unconnected in block <Counter_x>.
WARNING:Xst:2677 - Node <counter_Ctrl_12> of sequential type is unconnected in block <Counter_x>.
WARNING:Xst:2677 - Node <counter_Ctrl_13> of sequential type is unconnected in block <Counter_x>.
WARNING:Xst:2677 - Node <counter_Ctrl_14> of sequential type is unconnected in block <Counter_x>.
WARNING:Xst:2677 - Node <counter_Ctrl_15> of sequential type is unconnected in block <Counter_x>.
WARNING:Xst:2677 - Node <counter_Ctrl_16> of sequential type is unconnected in block <Counter_x>.
WARNING:Xst:2677 - Node <counter_Ctrl_17> of sequential type is unconnected in block <Counter_x>.
WARNING:Xst:2677 - Node <counter_Ctrl_18> of sequential type is unconnected in block <Counter_x>.
WARNING:Xst:2677 - Node <counter_Ctrl_19> of sequential type is unconnected in block <Counter_x>.
WARNING:Xst:2677 - Node <counter_Ctrl_20> of sequential type is unconnected in block <Counter_x>.
WARNING:Xst:2677 - Node <counter_Ctrl_21> of sequential type is unconnected in block <Counter_x>.
WARNING:Xst:2677 - Node <counter_Ctrl_22> of sequential type is unconnected in block <Counter_x>.
WARNING:Xst:2677 - Node <counter_Ctrl_23> of sequential type is unconnected in block <Counter_x>.

=========================================================================
Advanced HDL Synthesis Report

Macro Statistics
# Adders/Subtractors                                   : 4
 32-bit adder                                          : 2
 33-bit adder carry in                                 : 1
 33-bit subtractor                                     : 1
# Counters                                             : 1
 32-bit up counter                                     : 1
# Registers                                            : 1094
 Flip-Flops                                            : 1094
# Comparators                                          : 1
 1-bit comparator not equal                            : 1
# Multiplexers                                         : 110
 1-bit 2-to-1 multiplexer                              : 66
 32-bit 2-to-1 multiplexer                             : 34
 32-bit 31-to-1 multiplexer                            : 2
 32-bit 4-to-1 multiplexer                             : 2
 32-bit 8-to-1 multiplexer                             : 1
 33-bit 2-to-1 multiplexer                             : 2
 33-bit 4-to-1 multiplexer                             : 1
 5-bit 2-to-1 multiplexer                              : 2
# Xors                                                 : 2
 32-bit xor2                                           : 2

=========================================================================

=========================================================================
*                         Low Level Synthesis                           *
=========================================================================

Optimizing unit <REG32> ...

Optimizing unit <Top_Simple_CPU_App> ...

Optimizing unit <Counter_x> ...

Optimizing unit <Data_path_MUSER_Top_Simple_CPU_App> ...

Optimizing unit <alu_MUSER_Top_Simple_CPU_App> ...

Optimizing unit <Regs> ...

Optimizing unit <SCPU_ctrl> ...

Mapping all equations...
Building and optimizing final netlist ...
Found area constraint ratio of 100 (+ 5) on block Top_Simple_CPU_App, actual ratio is 3.

Final Macro Processing ...

=========================================================================
Final Register Report

Macro Statistics
# Registers                                            : 1126
 Flip-Flops                                            : 1126

=========================================================================

=========================================================================
*                           Partition Report                            *
=========================================================================

Partition Implementation Status
-------------------------------

  No Partitions were found in this design.

-------------------------------

=========================================================================
*                            Design Summary                             *
=========================================================================

Top Level Output File Name         : Top_Simple_CPU_App.ngc

Primitive and Black Box Usage:
------------------------------
# BELS                             : 4063
#      AND2                        : 10
#      AND3                        : 99
#      AND4                        : 81
#      BUF                         : 1
#      GND                         : 4
#      INV                         : 100
#      LUT1                        : 130
#      LUT2                        : 80
#      LUT3                        : 1152
#      LUT4                        : 253
#      LUT5                        : 315
#      LUT6                        : 1162
#      MUXCY                       : 247
#      MUXF7                       : 67
#      OR2                         : 63
#      OR3                         : 27
#      OR4                         : 36
#      VCC                         : 5
#      XORCY                       : 231
# FlipFlops/Latches                : 1540
#      FD                          : 190
#      FDC                         : 111
#      FDCE                        : 1031
#      FDCE_1                      : 22
#      FDE                         : 111
#      FDE_1                       : 36
#      FDPE_1                      : 6
#      FDR                         : 1
#      FDRE                        : 29
#      LD                          : 3
# RAMS                             : 1
#      RAMB36E1                    : 1
# Clock Buffers                    : 4
#      BUFG                        : 3
#      BUFGP                       : 1
# IO Buffers                       : 58
#      IBUF                        : 21
#      OBUF                        : 37

Device utilization summary:
---------------------------

Selected Device : 7k160tffg676-2l 


Slice Logic Utilization: 
 Number of Slice Registers:            1540  out of  202800     0%  
 Number of Slice LUTs:                 3192  out of  101400     3%  
    Number used as Logic:              3192  out of  101400     3%  

Slice Logic Distribution: 
 Number of LUT Flip Flop pairs used:   3337
   Number with an unused Flip Flop:    1797  out of   3337    53%  
   Number with an unused LUT:           145  out of   3337     4%  
   Number of fully used LUT-FF pairs:  1395  out of   3337    41%  
   Number of unique control sets:        31

IO Utilization: 
 Number of IOs:                          59
 Number of bonded IOBs:                  59  out of    400    14%  

Specific Feature Utilization:
 Number of Block RAM/FIFO:                1  out of    325     0%  
    Number using Block RAM only:          1
 Number of BUFG/BUFGCTRLs:                4  out of     32    12%  

---------------------------
Partition Resource Summary:
---------------------------

  No Partitions were found in this design.

---------------------------


=========================================================================
Timing Report

NOTE: THESE TIMING NUMBERS ARE ONLY A SYNTHESIS ESTIMATE.
      FOR ACCURATE TIMING INFORMATION PLEASE REFER TO THE TRACE REPORT
      GENERATED AFTER PLACE-and-ROUTE.

Clock Information:
------------------
-----------------------------------------------+--------------------------------------+-------+
Clock Signal                                   | Clock buffer(FF name)                | Load  |
-----------------------------------------------+--------------------------------------+-------+
clk_100mhz                                     | BUFGP                                | 262   |
U8/clkdiv_6                                    | BUFG                                 | 35    |
Clk_CPU(U8/Mmux_Clk_CPU11:O)                   | BUFG(*)(U10/counter_Ctrl_2)          | 1197  |
XLXI_25/XLXI_9/_n0067(XLXI_25/XLXI_9/_n00671:O)| NONE(*)(XLXI_25/XLXI_9/ALU_Control_2)| 3     |
U9/clk1                                        | BUFG                                 | 41    |
M4/push(M4/push1:O)                            | NONE(*)(M4/state_0)                  | 3     |
-----------------------------------------------+--------------------------------------+-------+
(*) These 3 clock signal(s) are generated by combinatorial logic,
and XST is not able to identify which are the primary clock signals.
Please use the CLOCK_SIGNAL constraint to specify the clock signal(s) generated by combinatorial logic.
INFO:Xst:2169 - HDL ADVISOR - Some clock signals were not automatically buffered by XST with BUFG/BUFR resources. Please use the buffer_type constraint in order to insert these buffers to the clock signals to help prevent skew problems.

Asynchronous Control Signals Information:
----------------------------------------
-----------------------------------+-----------------------------------------------------------------------------------------------------------------------------------------+-------+
Control Signal                     | Buffer(FF name)                                                                                                                         | Load  |
-----------------------------------+-----------------------------------------------------------------------------------------------------------------------------------------+-------+
U3/N1(U3/XST_GND:G)                | NONE(U3/U0/xst_blk_mem_generator/gnativebmg.native_blk_mem_gen/valid.cstr/ramloop[0].ram.r/v6_init.ram/NO_BMM_INFO.SP.SIMPLE_PRIM36.ram)| 2     |
-----------------------------------+-----------------------------------------------------------------------------------------------------------------------------------------+-------+

Timing Summary:
---------------
Speed Grade: -2

   Minimum period: 13.577ns (Maximum Frequency: 73.653MHz)
   Minimum input arrival time before clock: 2.109ns
   Maximum output required time after clock: 11.736ns
   Maximum combinational path delay: No path found

Timing Details:
---------------
All values displayed in nanoseconds (ns)

=========================================================================
Timing constraint: Default period analysis for Clock 'clk_100mhz'
  Clock period: 4.930ns (frequency: 202.844MHz)
  Total number of paths / destination ports: 12105 / 333
-------------------------------------------------------------------------
Delay:               4.930ns (Levels of Logic = 12)
  Source:            U9/SW_OK_5 (FF)
  Destination:       U6/M2/buffer_51 (FF)
  Source Clock:      clk_100mhz rising
  Destination Clock: clk_100mhz rising

  Data Path: U9/SW_OK_5 to U6/M2/buffer_51
                                Gate     Net
    Cell:in->out      fanout   Delay   Delay  Logical Name (Net Name)
    ----------------------------------------  ------------
     FDE:C->Q            100   0.236   0.547  SW_OK_5 (SW_OK<5>)
     end scope: 'U9:SW_OK<5>'
     begin scope: 'U4:SW<5>'
     LUT6:I4->O            2   0.043   0.527  Mmux_Cpu_data4bus281 (Cpu_data4bus<5>)
     end scope: 'U4:Cpu_data4bus<5>'
     begin scope: 'U5:data6<5>'
     LUT6:I2->O            1   0.043   0.000  MUX1_DispData/Mmux_o_327 (MUX1_DispData/Mmux_o_327)
     MUXF7:I1->O          15   0.178   0.417  MUX1_DispData/Mmux_o_2_f7_26 (Disp_num<5>)
     end scope: 'U5:Disp_num<5>'
     begin scope: 'U6:Hexs<5>'
     INV:I->O              8   0.054   0.642  SM1/HTS6/MSEG/XLXI_3 (SM1/HTS6/MSEG/XLXN_62)
     AND3:I1->O            1   0.043   0.613  SM1/HTS6/MSEG/XLXI_35 (SM1/HTS6/MSEG/XLXN_172)
     OR3:I0->O             1   0.043   0.603  SM1/HTS6/MSEG/XLXI_36 (SM1/HTS6/MSEG/XLXN_212)
     OR2:I1->O             1   0.043   0.405  SM1/HTS6/MSEG/XLXI_51 (XLXN_390<51>)
     LUT6:I4->O            1   0.043   0.405  M2/mux11011 (M2/state[1]_GND_3_o_wide_mux_15_OUT<51>)
     LUT3:I1->O            1   0.043   0.000  M2/buffer_51_rstpot (M2/buffer_51_rstpot)
     FD:D                     -0.000          M2/buffer_51
    ----------------------------------------
    Total                      4.930ns (0.769ns logic, 4.161ns route)
                                       (15.6% logic, 84.4% route)

=========================================================================
Timing constraint: Default period analysis for Clock 'U8/clkdiv_6'
  Clock period: 2.221ns (frequency: 450.288MHz)
  Total number of paths / destination ports: 787 / 36
-------------------------------------------------------------------------
Delay:               2.221ns (Levels of Logic = 35)
  Source:            U10/counter0_0 (FF)
  Destination:       U10/counter0_32 (FF)
  Source Clock:      U8/clkdiv_6 rising
  Destination Clock: U8/clkdiv_6 rising

  Data Path: U10/counter0_0 to U10/counter0_32
                                Gate     Net
    Cell:in->out      fanout   Delay   Delay  Logical Name (Net Name)
    ----------------------------------------  ------------
     FDC:C->Q              4   0.236   0.367  U10/counter0_0 (U10/counter0_0)
     LUT1:I0->O            1   0.043   0.000  U10/Msub_counter0[32]_GND_11_o_sub_26_OUT_cy<0>_rt (U10/Msub_counter0[32]_GND_11_o_sub_26_OUT_cy<0>_rt)
     MUXCY:S->O            1   0.238   0.000  U10/Msub_counter0[32]_GND_11_o_sub_26_OUT_cy<0> (U10/Msub_counter0[32]_GND_11_o_sub_26_OUT_cy<0>)
     MUXCY:CI->O           1   0.013   0.000  U10/Msub_counter0[32]_GND_11_o_sub_26_OUT_cy<1> (U10/Msub_counter0[32]_GND_11_o_sub_26_OUT_cy<1>)
     MUXCY:CI->O           1   0.013   0.000  U10/Msub_counter0[32]_GND_11_o_sub_26_OUT_cy<2> (U10/Msub_counter0[32]_GND_11_o_sub_26_OUT_cy<2>)
     MUXCY:CI->O           1   0.013   0.000  U10/Msub_counter0[32]_GND_11_o_sub_26_OUT_cy<3> (U10/Msub_counter0[32]_GND_11_o_sub_26_OUT_cy<3>)
     MUXCY:CI->O           1   0.013   0.000  U10/Msub_counter0[32]_GND_11_o_sub_26_OUT_cy<4> (U10/Msub_counter0[32]_GND_11_o_sub_26_OUT_cy<4>)
     MUXCY:CI->O           1   0.013   0.000  U10/Msub_counter0[32]_GND_11_o_sub_26_OUT_cy<5> (U10/Msub_counter0[32]_GND_11_o_sub_26_OUT_cy<5>)
     MUXCY:CI->O           1   0.013   0.000  U10/Msub_counter0[32]_GND_11_o_sub_26_OUT_cy<6> (U10/Msub_counter0[32]_GND_11_o_sub_26_OUT_cy<6>)
     MUXCY:CI->O           1   0.013   0.000  U10/Msub_counter0[32]_GND_11_o_sub_26_OUT_cy<7> (U10/Msub_counter0[32]_GND_11_o_sub_26_OUT_cy<7>)
     MUXCY:CI->O           1   0.013   0.000  U10/Msub_counter0[32]_GND_11_o_sub_26_OUT_cy<8> (U10/Msub_counter0[32]_GND_11_o_sub_26_OUT_cy<8>)
     MUXCY:CI->O           1   0.013   0.000  U10/Msub_counter0[32]_GND_11_o_sub_26_OUT_cy<9> (U10/Msub_counter0[32]_GND_11_o_sub_26_OUT_cy<9>)
     MUXCY:CI->O           1   0.013   0.000  U10/Msub_counter0[32]_GND_11_o_sub_26_OUT_cy<10> (U10/Msub_counter0[32]_GND_11_o_sub_26_OUT_cy<10>)
     MUXCY:CI->O           1   0.013   0.000  U10/Msub_counter0[32]_GND_11_o_sub_26_OUT_cy<11> (U10/Msub_counter0[32]_GND_11_o_sub_26_OUT_cy<11>)
     MUXCY:CI->O           1   0.013   0.000  U10/Msub_counter0[32]_GND_11_o_sub_26_OUT_cy<12> (U10/Msub_counter0[32]_GND_11_o_sub_26_OUT_cy<12>)
     MUXCY:CI->O           1   0.013   0.000  U10/Msub_counter0[32]_GND_11_o_sub_26_OUT_cy<13> (U10/Msub_counter0[32]_GND_11_o_sub_26_OUT_cy<13>)
     MUXCY:CI->O           1   0.013   0.000  U10/Msub_counter0[32]_GND_11_o_sub_26_OUT_cy<14> (U10/Msub_counter0[32]_GND_11_o_sub_26_OUT_cy<14>)
     MUXCY:CI->O           1   0.013   0.000  U10/Msub_counter0[32]_GND_11_o_sub_26_OUT_cy<15> (U10/Msub_counter0[32]_GND_11_o_sub_26_OUT_cy<15>)
     MUXCY:CI->O           1   0.013   0.000  U10/Msub_counter0[32]_GND_11_o_sub_26_OUT_cy<16> (U10/Msub_counter0[32]_GND_11_o_sub_26_OUT_cy<16>)
     MUXCY:CI->O           1   0.013   0.000  U10/Msub_counter0[32]_GND_11_o_sub_26_OUT_cy<17> (U10/Msub_counter0[32]_GND_11_o_sub_26_OUT_cy<17>)
     MUXCY:CI->O           1   0.013   0.000  U10/Msub_counter0[32]_GND_11_o_sub_26_OUT_cy<18> (U10/Msub_counter0[32]_GND_11_o_sub_26_OUT_cy<18>)
     MUXCY:CI->O           1   0.013   0.000  U10/Msub_counter0[32]_GND_11_o_sub_26_OUT_cy<19> (U10/Msub_counter0[32]_GND_11_o_sub_26_OUT_cy<19>)
     MUXCY:CI->O           1   0.013   0.000  U10/Msub_counter0[32]_GND_11_o_sub_26_OUT_cy<20> (U10/Msub_counter0[32]_GND_11_o_sub_26_OUT_cy<20>)
     MUXCY:CI->O           1   0.013   0.000  U10/Msub_counter0[32]_GND_11_o_sub_26_OUT_cy<21> (U10/Msub_counter0[32]_GND_11_o_sub_26_OUT_cy<21>)
     MUXCY:CI->O           1   0.013   0.000  U10/Msub_counter0[32]_GND_11_o_sub_26_OUT_cy<22> (U10/Msub_counter0[32]_GND_11_o_sub_26_OUT_cy<22>)
     MUXCY:CI->O           1   0.013   0.000  U10/Msub_counter0[32]_GND_11_o_sub_26_OUT_cy<23> (U10/Msub_counter0[32]_GND_11_o_sub_26_OUT_cy<23>)
     MUXCY:CI->O           1   0.013   0.000  U10/Msub_counter0[32]_GND_11_o_sub_26_OUT_cy<24> (U10/Msub_counter0[32]_GND_11_o_sub_26_OUT_cy<24>)
     MUXCY:CI->O           1   0.013   0.000  U10/Msub_counter0[32]_GND_11_o_sub_26_OUT_cy<25> (U10/Msub_counter0[32]_GND_11_o_sub_26_OUT_cy<25>)
     MUXCY:CI->O           1   0.013   0.000  U10/Msub_counter0[32]_GND_11_o_sub_26_OUT_cy<26> (U10/Msub_counter0[32]_GND_11_o_sub_26_OUT_cy<26>)
     MUXCY:CI->O           1   0.013   0.000  U10/Msub_counter0[32]_GND_11_o_sub_26_OUT_cy<27> (U10/Msub_counter0[32]_GND_11_o_sub_26_OUT_cy<27>)
     MUXCY:CI->O           1   0.013   0.000  U10/Msub_counter0[32]_GND_11_o_sub_26_OUT_cy<28> (U10/Msub_counter0[32]_GND_11_o_sub_26_OUT_cy<28>)
     MUXCY:CI->O           1   0.013   0.000  U10/Msub_counter0[32]_GND_11_o_sub_26_OUT_cy<29> (U10/Msub_counter0[32]_GND_11_o_sub_26_OUT_cy<29>)
     MUXCY:CI->O           1   0.013   0.000  U10/Msub_counter0[32]_GND_11_o_sub_26_OUT_cy<30> (U10/Msub_counter0[32]_GND_11_o_sub_26_OUT_cy<30>)
     MUXCY:CI->O           0   0.013   0.000  U10/Msub_counter0[32]_GND_11_o_sub_26_OUT_cy<31> (U10/Msub_counter0[32]_GND_11_o_sub_26_OUT_cy<31>)
     XORCY:CI->O           1   0.262   0.613  U10/Msub_counter0[32]_GND_11_o_sub_26_OUT_xor<32> (U10/counter0[32]_GND_11_o_sub_26_OUT<32>)
     LUT6:I0->O            1   0.043   0.000  U10/Mmux_counter_Ctrl[2]_counter0[32]_wide_mux_26_OUT262 (U10/counter_Ctrl[2]_counter0[32]_wide_mux_26_OUT<32>)
     FDC:D                    -0.000          U10/counter0_32
    ----------------------------------------
    Total                      2.221ns (1.240ns logic, 0.980ns route)
                                       (55.9% logic, 44.1% route)

=========================================================================
Timing constraint: Default period analysis for Clock 'Clk_CPU'
  Clock period: 13.577ns (frequency: 73.653MHz)
  Total number of paths / destination ports: 1041548210 / 2338
-------------------------------------------------------------------------
Delay:               6.789ns (Levels of Logic = 41)
  Source:            XLXI_25/XLXI_8/PC/Q_9 (FF)
  Destination:       U5/cpu_point_0 (FF)
  Source Clock:      Clk_CPU rising
  Destination Clock: Clk_CPU falling

  Data Path: XLXI_25/XLXI_8/PC/Q_9 to U5/cpu_point_0
                                Gate     Net
    Cell:in->out      fanout   Delay   Delay  Logical Name (Net Name)
    ----------------------------------------  ------------
     FDC:C->Q             58   0.236   0.630  XLXI_25/XLXI_8/PC/Q_9 (XLXI_25/XLXI_8/PC/Q_9)
     begin scope: 'U2:a<7>'
     LUT3:I0->O            1   0.043   0.613  U0/xst_options.dist_mem_inst/gen_rom.rom_inst/Mram_spo_int44116_SW0 (N10)
     LUT6:I0->O            1   0.043   0.522  U0/xst_options.dist_mem_inst/gen_rom.rom_inst/Mram_spo_int44116 (U0/xst_options.dist_mem_inst/gen_rom.rom_inst/Mram_spo_int44115)
     LUT6:I2->O          260   0.043   0.522  U0/xst_options.dist_mem_inst/gen_rom.rom_inst/Mram_spo_int441113 (spo<17>)
     end scope: 'U2:spo<17>'
     LUT6:I5->O            1   0.043   0.522  XLXI_25/XLXI_8/U2/Mmux_R_addr_B[4]_register[31][31]_wide_mux_4_OUT_81 (XLXI_25/XLXI_8/U2/Mmux_R_addr_B[4]_register[31][31]_wide_mux_4_OUT_81)
     LUT6:I2->O            2   0.043   0.410  XLXI_25/XLXI_8/U2/Mmux_R_addr_B[4]_register[31][31]_wide_mux_4_OUT_3 (XLXI_25/XLXI_8/U2/Mmux_R_addr_B[4]_register[31][31]_wide_mux_4_OUT_3)
     LUT6:I4->O            3   0.043   0.362  XLXI_25/XLXI_8/MUXD3/Mmux_o110 (XLXI_25/XLXI_8/XLXN_531<0>)
     LUT6:I5->O            1   0.043   0.000  XLXI_25/XLXI_8/U1/ADC_32/Madd_S_Madd_lut<0> (XLXI_25/XLXI_8/U1/ADC_32/Madd_S_Madd_lut<0>)
     MUXCY:S->O            1   0.238   0.000  XLXI_25/XLXI_8/U1/ADC_32/Madd_S_Madd_cy<0> (XLXI_25/XLXI_8/U1/ADC_32/Madd_S_Madd_cy<0>)
     MUXCY:CI->O           1   0.013   0.000  XLXI_25/XLXI_8/U1/ADC_32/Madd_S_Madd_cy<1> (XLXI_25/XLXI_8/U1/ADC_32/Madd_S_Madd_cy<1>)
     MUXCY:CI->O           1   0.013   0.000  XLXI_25/XLXI_8/U1/ADC_32/Madd_S_Madd_cy<2> (XLXI_25/XLXI_8/U1/ADC_32/Madd_S_Madd_cy<2>)
     MUXCY:CI->O           1   0.013   0.000  XLXI_25/XLXI_8/U1/ADC_32/Madd_S_Madd_cy<3> (XLXI_25/XLXI_8/U1/ADC_32/Madd_S_Madd_cy<3>)
     MUXCY:CI->O           1   0.013   0.000  XLXI_25/XLXI_8/U1/ADC_32/Madd_S_Madd_cy<4> (XLXI_25/XLXI_8/U1/ADC_32/Madd_S_Madd_cy<4>)
     MUXCY:CI->O           1   0.013   0.000  XLXI_25/XLXI_8/U1/ADC_32/Madd_S_Madd_cy<5> (XLXI_25/XLXI_8/U1/ADC_32/Madd_S_Madd_cy<5>)
     MUXCY:CI->O           1   0.013   0.000  XLXI_25/XLXI_8/U1/ADC_32/Madd_S_Madd_cy<6> (XLXI_25/XLXI_8/U1/ADC_32/Madd_S_Madd_cy<6>)
     MUXCY:CI->O           1   0.013   0.000  XLXI_25/XLXI_8/U1/ADC_32/Madd_S_Madd_cy<7> (XLXI_25/XLXI_8/U1/ADC_32/Madd_S_Madd_cy<7>)
     MUXCY:CI->O           1   0.013   0.000  XLXI_25/XLXI_8/U1/ADC_32/Madd_S_Madd_cy<8> (XLXI_25/XLXI_8/U1/ADC_32/Madd_S_Madd_cy<8>)
     MUXCY:CI->O           1   0.013   0.000  XLXI_25/XLXI_8/U1/ADC_32/Madd_S_Madd_cy<9> (XLXI_25/XLXI_8/U1/ADC_32/Madd_S_Madd_cy<9>)
     MUXCY:CI->O           1   0.013   0.000  XLXI_25/XLXI_8/U1/ADC_32/Madd_S_Madd_cy<10> (XLXI_25/XLXI_8/U1/ADC_32/Madd_S_Madd_cy<10>)
     MUXCY:CI->O           1   0.013   0.000  XLXI_25/XLXI_8/U1/ADC_32/Madd_S_Madd_cy<11> (XLXI_25/XLXI_8/U1/ADC_32/Madd_S_Madd_cy<11>)
     MUXCY:CI->O           1   0.013   0.000  XLXI_25/XLXI_8/U1/ADC_32/Madd_S_Madd_cy<12> (XLXI_25/XLXI_8/U1/ADC_32/Madd_S_Madd_cy<12>)
     MUXCY:CI->O           1   0.013   0.000  XLXI_25/XLXI_8/U1/ADC_32/Madd_S_Madd_cy<13> (XLXI_25/XLXI_8/U1/ADC_32/Madd_S_Madd_cy<13>)
     MUXCY:CI->O           1   0.013   0.000  XLXI_25/XLXI_8/U1/ADC_32/Madd_S_Madd_cy<14> (XLXI_25/XLXI_8/U1/ADC_32/Madd_S_Madd_cy<14>)
     MUXCY:CI->O           1   0.013   0.000  XLXI_25/XLXI_8/U1/ADC_32/Madd_S_Madd_cy<15> (XLXI_25/XLXI_8/U1/ADC_32/Madd_S_Madd_cy<15>)
     MUXCY:CI->O           1   0.013   0.000  XLXI_25/XLXI_8/U1/ADC_32/Madd_S_Madd_cy<16> (XLXI_25/XLXI_8/U1/ADC_32/Madd_S_Madd_cy<16>)
     MUXCY:CI->O           1   0.013   0.000  XLXI_25/XLXI_8/U1/ADC_32/Madd_S_Madd_cy<17> (XLXI_25/XLXI_8/U1/ADC_32/Madd_S_Madd_cy<17>)
     MUXCY:CI->O           1   0.013   0.000  XLXI_25/XLXI_8/U1/ADC_32/Madd_S_Madd_cy<18> (XLXI_25/XLXI_8/U1/ADC_32/Madd_S_Madd_cy<18>)
     MUXCY:CI->O           1   0.013   0.000  XLXI_25/XLXI_8/U1/ADC_32/Madd_S_Madd_cy<19> (XLXI_25/XLXI_8/U1/ADC_32/Madd_S_Madd_cy<19>)
     MUXCY:CI->O           1   0.013   0.000  XLXI_25/XLXI_8/U1/ADC_32/Madd_S_Madd_cy<20> (XLXI_25/XLXI_8/U1/ADC_32/Madd_S_Madd_cy<20>)
     MUXCY:CI->O           1   0.013   0.000  XLXI_25/XLXI_8/U1/ADC_32/Madd_S_Madd_cy<21> (XLXI_25/XLXI_8/U1/ADC_32/Madd_S_Madd_cy<21>)
     MUXCY:CI->O           1   0.013   0.000  XLXI_25/XLXI_8/U1/ADC_32/Madd_S_Madd_cy<22> (XLXI_25/XLXI_8/U1/ADC_32/Madd_S_Madd_cy<22>)
     MUXCY:CI->O           1   0.013   0.000  XLXI_25/XLXI_8/U1/ADC_32/Madd_S_Madd_cy<23> (XLXI_25/XLXI_8/U1/ADC_32/Madd_S_Madd_cy<23>)
     MUXCY:CI->O           1   0.013   0.000  XLXI_25/XLXI_8/U1/ADC_32/Madd_S_Madd_cy<24> (XLXI_25/XLXI_8/U1/ADC_32/Madd_S_Madd_cy<24>)
     MUXCY:CI->O           1   0.013   0.000  XLXI_25/XLXI_8/U1/ADC_32/Madd_S_Madd_cy<25> (XLXI_25/XLXI_8/U1/ADC_32/Madd_S_Madd_cy<25>)
     MUXCY:CI->O           1   0.013   0.000  XLXI_25/XLXI_8/U1/ADC_32/Madd_S_Madd_cy<26> (XLXI_25/XLXI_8/U1/ADC_32/Madd_S_Madd_cy<26>)
     MUXCY:CI->O           1   0.013   0.000  XLXI_25/XLXI_8/U1/ADC_32/Madd_S_Madd_cy<27> (XLXI_25/XLXI_8/U1/ADC_32/Madd_S_Madd_cy<27>)
     XORCY:CI->O           1   0.262   0.350  XLXI_25/XLXI_8/U1/ADC_32/Madd_S_Madd_xor<28> (XLXI_25/XLXI_8/U1/S<28>)
     LUT4:I3->O           52   0.043   0.737  XLXI_25/XLXI_8/U1/MUXALU/Mmux_o212 (Addr_out<28>)
     begin scope: 'U4:addr_bus<28>'
     LUT5:I0->O           48   0.043   0.472  Mmux_GPIOe0000000_we11 (GPIOe0000000_we)
     end scope: 'U4:GPIOe0000000_we'
     begin scope: 'U5:EN'
     FDE:CE                    0.161          cpu_point_0
    ----------------------------------------
    Total                      6.789ns (1.649ns logic, 5.140ns route)
                                       (24.3% logic, 75.7% route)

=========================================================================
Timing constraint: Default period analysis for Clock 'U9/clk1'
  Clock period: 2.152ns (frequency: 464.587MHz)
  Total number of paths / destination ports: 1454 / 90
-------------------------------------------------------------------------
Delay:               2.152ns (Levels of Logic = 7)
  Source:            U9/counter_8 (FF)
  Destination:       U9/Key_x_0 (FF)
  Source Clock:      U9/clk1 rising
  Destination Clock: U9/clk1 rising

  Data Path: U9/counter_8 to U9/Key_x_0
                                Gate     Net
    Cell:in->out      fanout   Delay   Delay  Logical Name (Net Name)
    ----------------------------------------  ------------
     FDRE:C->Q             3   0.236   0.615  counter_8 (counter<8>)
     LUT5:I0->O            1   0.043   0.000  Mcompar_counter[31]_GND_1_o_LessThan_5_o_lut<0> (Mcompar_counter[31]_GND_1_o_LessThan_5_o_lut<0>)
     MUXCY:S->O            1   0.238   0.000  Mcompar_counter[31]_GND_1_o_LessThan_5_o_cy<0> (Mcompar_counter[31]_GND_1_o_LessThan_5_o_cy<0>)
     MUXCY:CI->O           1   0.013   0.000  Mcompar_counter[31]_GND_1_o_LessThan_5_o_cy<1> (Mcompar_counter[31]_GND_1_o_LessThan_5_o_cy<1>)
     MUXCY:CI->O           1   0.013   0.000  Mcompar_counter[31]_GND_1_o_LessThan_5_o_cy<2> (Mcompar_counter[31]_GND_1_o_LessThan_5_o_cy<2>)
     MUXCY:CI->O           1   0.013   0.000  Mcompar_counter[31]_GND_1_o_LessThan_5_o_cy<3> (Mcompar_counter[31]_GND_1_o_LessThan_5_o_cy<3>)
     MUXCY:CI->O           8   0.013   0.378  Mcompar_counter[31]_GND_1_o_LessThan_5_o_cy<4> (Mcompar_counter[31]_GND_1_o_LessThan_5_o_cy<4>)
     INV:I->O              7   0.054   0.373  _n0225_inv1_cepot_INV_0 (_n0225_inv1_cepot)
     FDE:CE                    0.161          Key_x_0
    ----------------------------------------
    Total                      2.152ns (0.786ns logic, 1.366ns route)
                                       (36.5% logic, 63.5% route)

=========================================================================
Timing constraint: Default period analysis for Clock 'M4/push'
  Clock period: 1.069ns (frequency: 935.060MHz)
  Total number of paths / destination ports: 6 / 3
-------------------------------------------------------------------------
Delay:               1.069ns (Levels of Logic = 1)
  Source:            M4/state_0 (FF)
  Destination:       M4/state_0 (FF)
  Source Clock:      M4/push rising
  Destination Clock: M4/push rising

  Data Path: M4/state_0 to M4/state_0
                                Gate     Net
    Cell:in->out      fanout   Delay   Delay  Logical Name (Net Name)
    ----------------------------------------  ------------
     FDE:C->Q             19   0.236   0.440  state_0 (state<0>)
     INV:I->O              1   0.054   0.339  Result<0>1_INV_0 (Result<0>)
     FDE:D                    -0.000          state_0
    ----------------------------------------
    Total                      1.069ns (0.290ns logic, 0.779ns route)
                                       (27.1% logic, 72.9% route)

=========================================================================
Timing constraint: Default OFFSET IN BEFORE for Clock 'clk_100mhz'
  Total number of paths / destination ports: 1195 / 100
-------------------------------------------------------------------------
Offset:              2.089ns (Levels of Logic = 10)
  Source:            SW<2> (PAD)
  Destination:       U9/SW_OK_0 (FF)
  Destination Clock: clk_100mhz rising

  Data Path: SW<2> to U9/SW_OK_0
                                Gate     Net
    Cell:in->out      fanout   Delay   Delay  Logical Name (Net Name)
    ----------------------------------------  ------------
     IBUF:I->O             3   0.000   0.625  SW_2_IBUF (SW_2_IBUF)
     begin scope: 'U9:SW<2>'
     LUT6:I0->O            1   0.043   0.000  Mcompar_sw_temp[15]_SW[15]_not_equal_100_o_lut<0> (Mcompar_sw_temp[15]_SW[15]_not_equal_100_o_lut<0>)
     MUXCY:S->O            1   0.238   0.000  Mcompar_sw_temp[15]_SW[15]_not_equal_100_o_cy<0> (Mcompar_sw_temp[15]_SW[15]_not_equal_100_o_cy<0>)
     MUXCY:CI->O           1   0.013   0.000  Mcompar_sw_temp[15]_SW[15]_not_equal_100_o_cy<1> (Mcompar_sw_temp[15]_SW[15]_not_equal_100_o_cy<1>)
     MUXCY:CI->O           1   0.013   0.000  Mcompar_sw_temp[15]_SW[15]_not_equal_100_o_cy<2> (Mcompar_sw_temp[15]_SW[15]_not_equal_100_o_cy<2>)
     MUXCY:CI->O           1   0.013   0.000  Mcompar_sw_temp[15]_SW[15]_not_equal_100_o_cy<3> (Mcompar_sw_temp[15]_SW[15]_not_equal_100_o_cy<3>)
     MUXCY:CI->O           1   0.013   0.000  Mcompar_sw_temp[15]_SW[15]_not_equal_100_o_cy<4> (Mcompar_sw_temp[15]_SW[15]_not_equal_100_o_cy<4>)
     MUXCY:CI->O          43   0.013   0.471  Mcompar_sw_temp[15]_SW[15]_not_equal_100_o_cy<5> (sw_temp[15]_SW[15]_not_equal_100_o)
     INV:I->O             17   0.054   0.429  _n0243_inv1_cepot_cepot_INV_0 (_n0243_inv1_cepot_cepot)
     FDE:CE                    0.161          SW_OK_0
    ----------------------------------------
    Total                      2.089ns (0.563ns logic, 1.525ns route)
                                       (27.0% logic, 73.0% route)

=========================================================================
Timing constraint: Default OFFSET IN BEFORE for Clock 'U9/clk1'
  Total number of paths / destination ports: 176 / 41
-------------------------------------------------------------------------
Offset:              2.109ns (Levels of Logic = 6)
  Source:            BTN_y<3> (PAD)
  Destination:       U9/Key_x_1 (FF)
  Destination Clock: U9/clk1 rising

  Data Path: BTN_y<3> to U9/Key_x_1
                                Gate     Net
    Cell:in->out      fanout   Delay   Delay  Logical Name (Net Name)
    ----------------------------------------  ------------
     IBUF:I->O             6   0.000   0.550  BTN_y_3_IBUF (BTN_y_3_IBUF)
     begin scope: 'U9:Key_y<3>'
     LUT4:I0->O           12   0.043   0.674  out1 (n0016)
     LUT6:I0->O            3   0.043   0.362  _n0295<0>1 (_n0295<0>)
     LUT6:I5->O            1   0.043   0.350  Key_x[4]_PWR_1_o_select_74_OUT<1>1 (Key_x[4]_PWR_1_o_select_74_OUT<4>)
     LUT3:I2->O            1   0.043   0.000  Key_x_4_dpot (Key_x_4_dpot)
     FDE:D                    -0.000          Key_x_4
    ----------------------------------------
    Total                      2.109ns (0.172ns logic, 1.937ns route)
                                       (8.2% logic, 91.8% route)

=========================================================================
Timing constraint: Default OFFSET OUT AFTER for Clock 'clk_100mhz'
  Total number of paths / destination ports: 4850 / 17
-------------------------------------------------------------------------
Offset:              5.446ns (Levels of Logic = 15)
  Source:            U9/SW_OK_5 (FF)
  Destination:       SEGMENT<6> (PAD)
  Source Clock:      clk_100mhz rising

  Data Path: U9/SW_OK_5 to SEGMENT<6>
                                Gate     Net
    Cell:in->out      fanout   Delay   Delay  Logical Name (Net Name)
    ----------------------------------------  ------------
     FDE:C->Q            100   0.236   0.547  SW_OK_5 (SW_OK<5>)
     end scope: 'U9:SW_OK<5>'
     begin scope: 'U4:SW<5>'
     LUT6:I4->O            2   0.043   0.527  Mmux_Cpu_data4bus281 (Cpu_data4bus<5>)
     end scope: 'U4:Cpu_data4bus<5>'
     begin scope: 'U5:data6<5>'
     LUT6:I2->O            1   0.043   0.000  MUX1_DispData/Mmux_o_327 (MUX1_DispData/Mmux_o_327)
     MUXF7:I1->O          15   0.178   0.483  MUX1_DispData/Mmux_o_2_f7_26 (Disp_num<5>)
     end scope: 'U5:Disp_num<5>'
     begin scope: 'XLXI_18:Hexs<5>'
     LUT6:I4->O            1   0.043   0.000  M2/Mmux_Hexo_41 (M2/Mmux_Hexo_41)
     MUXF7:I0->O          11   0.176   0.395  M2/Mmux_Hexo_2_f7_0 (Hex<1>)
     INV:I->O              8   0.054   0.642  M1/XLXI_3 (M1/XLXN_62)
     AND3:I1->O            1   0.043   0.613  M1/XLXI_35 (M1/XLXN_172)
     OR3:I0->O             1   0.043   0.603  M1/XLXI_36 (M1/XLXN_212)
     OR2:I1->O             1   0.043   0.350  M1/XLXI_51 (SEG_TXT<4>)
     LUT3:I2->O            1   0.043   0.339  MUXHM/Mmux_o5 (SEGMENT<4>)
     end scope: 'XLXI_18:SEGMENT<4>'
     OBUF:I->O                 0.000          SEGMENT_4_OBUF (SEGMENT<4>)
    ----------------------------------------
    Total                      5.446ns (0.945ns logic, 4.501ns route)
                                       (17.4% logic, 82.6% route)

=========================================================================
Timing constraint: Default OFFSET OUT AFTER for Clock 'U9/clk1'
  Total number of paths / destination ports: 6 / 6
-------------------------------------------------------------------------
Offset:              0.658ns (Levels of Logic = 2)
  Source:            U9/Key_x_4 (FF)
  Destination:       BTN_x<4> (PAD)
  Source Clock:      U9/clk1 rising

  Data Path: U9/Key_x_4 to BTN_x<4>
                                Gate     Net
    Cell:in->out      fanout   Delay   Delay  Logical Name (Net Name)
    ----------------------------------------  ------------
     FDE:C->Q             16   0.236   0.422  Key_x_4 (Key_x<4>)
     end scope: 'U9:Key_x<4>'
     OBUF:I->O                 0.000          BTN_x_4_OBUF (BTN_x<4>)
    ----------------------------------------
    Total                      0.658ns (0.236ns logic, 0.422ns route)
                                       (35.8% logic, 64.2% route)

=========================================================================
Timing constraint: Default OFFSET OUT AFTER for Clock 'Clk_CPU'
  Total number of paths / destination ports: 668377423 / 19
-------------------------------------------------------------------------
Offset:              11.736ns (Levels of Logic = 56)
  Source:            XLXI_25/XLXI_8/PC/Q_9 (FF)
  Destination:       SEGMENT<6> (PAD)
  Source Clock:      Clk_CPU rising

  Data Path: XLXI_25/XLXI_8/PC/Q_9 to SEGMENT<6>
                                Gate     Net
    Cell:in->out      fanout   Delay   Delay  Logical Name (Net Name)
    ----------------------------------------  ------------
     FDC:C->Q             58   0.236   0.630  XLXI_25/XLXI_8/PC/Q_9 (XLXI_25/XLXI_8/PC/Q_9)
     begin scope: 'U2:a<7>'
     LUT3:I0->O            1   0.043   0.613  U0/xst_options.dist_mem_inst/gen_rom.rom_inst/Mram_spo_int44116_SW0 (N10)
     LUT6:I0->O            1   0.043   0.522  U0/xst_options.dist_mem_inst/gen_rom.rom_inst/Mram_spo_int44116 (U0/xst_options.dist_mem_inst/gen_rom.rom_inst/Mram_spo_int44115)
     LUT6:I2->O          260   0.043   0.522  U0/xst_options.dist_mem_inst/gen_rom.rom_inst/Mram_spo_int441113 (spo<17>)
     end scope: 'U2:spo<17>'
     LUT6:I5->O            1   0.043   0.522  XLXI_25/XLXI_8/U2/Mmux_R_addr_B[4]_register[31][31]_wide_mux_4_OUT_81 (XLXI_25/XLXI_8/U2/Mmux_R_addr_B[4]_register[31][31]_wide_mux_4_OUT_81)
     LUT6:I2->O            2   0.043   0.410  XLXI_25/XLXI_8/U2/Mmux_R_addr_B[4]_register[31][31]_wide_mux_4_OUT_3 (XLXI_25/XLXI_8/U2/Mmux_R_addr_B[4]_register[31][31]_wide_mux_4_OUT_3)
     LUT6:I4->O            3   0.043   0.362  XLXI_25/XLXI_8/MUXD3/Mmux_o110 (XLXI_25/XLXI_8/XLXN_531<0>)
     LUT6:I5->O            1   0.043   0.000  XLXI_25/XLXI_8/U1/ADC_32/Madd_S_Madd_lut<0> (XLXI_25/XLXI_8/U1/ADC_32/Madd_S_Madd_lut<0>)
     MUXCY:S->O            1   0.238   0.000  XLXI_25/XLXI_8/U1/ADC_32/Madd_S_Madd_cy<0> (XLXI_25/XLXI_8/U1/ADC_32/Madd_S_Madd_cy<0>)
     MUXCY:CI->O           1   0.014   0.000  XLXI_25/XLXI_8/U1/ADC_32/Madd_S_Madd_cy<1> (XLXI_25/XLXI_8/U1/ADC_32/Madd_S_Madd_cy<1>)
     MUXCY:CI->O           1   0.014   0.000  XLXI_25/XLXI_8/U1/ADC_32/Madd_S_Madd_cy<2> (XLXI_25/XLXI_8/U1/ADC_32/Madd_S_Madd_cy<2>)
     MUXCY:CI->O           1   0.014   0.000  XLXI_25/XLXI_8/U1/ADC_32/Madd_S_Madd_cy<3> (XLXI_25/XLXI_8/U1/ADC_32/Madd_S_Madd_cy<3>)
     MUXCY:CI->O           1   0.014   0.000  XLXI_25/XLXI_8/U1/ADC_32/Madd_S_Madd_cy<4> (XLXI_25/XLXI_8/U1/ADC_32/Madd_S_Madd_cy<4>)
     MUXCY:CI->O           1   0.014   0.000  XLXI_25/XLXI_8/U1/ADC_32/Madd_S_Madd_cy<5> (XLXI_25/XLXI_8/U1/ADC_32/Madd_S_Madd_cy<5>)
     MUXCY:CI->O           1   0.014   0.000  XLXI_25/XLXI_8/U1/ADC_32/Madd_S_Madd_cy<6> (XLXI_25/XLXI_8/U1/ADC_32/Madd_S_Madd_cy<6>)
     MUXCY:CI->O           1   0.014   0.000  XLXI_25/XLXI_8/U1/ADC_32/Madd_S_Madd_cy<7> (XLXI_25/XLXI_8/U1/ADC_32/Madd_S_Madd_cy<7>)
     MUXCY:CI->O           1   0.014   0.000  XLXI_25/XLXI_8/U1/ADC_32/Madd_S_Madd_cy<8> (XLXI_25/XLXI_8/U1/ADC_32/Madd_S_Madd_cy<8>)
     MUXCY:CI->O           1   0.014   0.000  XLXI_25/XLXI_8/U1/ADC_32/Madd_S_Madd_cy<9> (XLXI_25/XLXI_8/U1/ADC_32/Madd_S_Madd_cy<9>)
     MUXCY:CI->O           1   0.014   0.000  XLXI_25/XLXI_8/U1/ADC_32/Madd_S_Madd_cy<10> (XLXI_25/XLXI_8/U1/ADC_32/Madd_S_Madd_cy<10>)
     MUXCY:CI->O           1   0.014   0.000  XLXI_25/XLXI_8/U1/ADC_32/Madd_S_Madd_cy<11> (XLXI_25/XLXI_8/U1/ADC_32/Madd_S_Madd_cy<11>)
     MUXCY:CI->O           1   0.014   0.000  XLXI_25/XLXI_8/U1/ADC_32/Madd_S_Madd_cy<12> (XLXI_25/XLXI_8/U1/ADC_32/Madd_S_Madd_cy<12>)
     MUXCY:CI->O           1   0.014   0.000  XLXI_25/XLXI_8/U1/ADC_32/Madd_S_Madd_cy<13> (XLXI_25/XLXI_8/U1/ADC_32/Madd_S_Madd_cy<13>)
     MUXCY:CI->O           1   0.014   0.000  XLXI_25/XLXI_8/U1/ADC_32/Madd_S_Madd_cy<14> (XLXI_25/XLXI_8/U1/ADC_32/Madd_S_Madd_cy<14>)
     MUXCY:CI->O           1   0.014   0.000  XLXI_25/XLXI_8/U1/ADC_32/Madd_S_Madd_cy<15> (XLXI_25/XLXI_8/U1/ADC_32/Madd_S_Madd_cy<15>)
     MUXCY:CI->O           1   0.014   0.000  XLXI_25/XLXI_8/U1/ADC_32/Madd_S_Madd_cy<16> (XLXI_25/XLXI_8/U1/ADC_32/Madd_S_Madd_cy<16>)
     MUXCY:CI->O           1   0.014   0.000  XLXI_25/XLXI_8/U1/ADC_32/Madd_S_Madd_cy<17> (XLXI_25/XLXI_8/U1/ADC_32/Madd_S_Madd_cy<17>)
     MUXCY:CI->O           1   0.014   0.000  XLXI_25/XLXI_8/U1/ADC_32/Madd_S_Madd_cy<18> (XLXI_25/XLXI_8/U1/ADC_32/Madd_S_Madd_cy<18>)
     MUXCY:CI->O           1   0.014   0.000  XLXI_25/XLXI_8/U1/ADC_32/Madd_S_Madd_cy<19> (XLXI_25/XLXI_8/U1/ADC_32/Madd_S_Madd_cy<19>)
     MUXCY:CI->O           1   0.014   0.000  XLXI_25/XLXI_8/U1/ADC_32/Madd_S_Madd_cy<20> (XLXI_25/XLXI_8/U1/ADC_32/Madd_S_Madd_cy<20>)
     MUXCY:CI->O           1   0.014   0.000  XLXI_25/XLXI_8/U1/ADC_32/Madd_S_Madd_cy<21> (XLXI_25/XLXI_8/U1/ADC_32/Madd_S_Madd_cy<21>)
     MUXCY:CI->O           1   0.014   0.000  XLXI_25/XLXI_8/U1/ADC_32/Madd_S_Madd_cy<22> (XLXI_25/XLXI_8/U1/ADC_32/Madd_S_Madd_cy<22>)
     MUXCY:CI->O           1   0.014   0.000  XLXI_25/XLXI_8/U1/ADC_32/Madd_S_Madd_cy<23> (XLXI_25/XLXI_8/U1/ADC_32/Madd_S_Madd_cy<23>)
     MUXCY:CI->O           1   0.014   0.000  XLXI_25/XLXI_8/U1/ADC_32/Madd_S_Madd_cy<24> (XLXI_25/XLXI_8/U1/ADC_32/Madd_S_Madd_cy<24>)
     MUXCY:CI->O           1   0.014   0.000  XLXI_25/XLXI_8/U1/ADC_32/Madd_S_Madd_cy<25> (XLXI_25/XLXI_8/U1/ADC_32/Madd_S_Madd_cy<25>)
     MUXCY:CI->O           1   0.014   0.000  XLXI_25/XLXI_8/U1/ADC_32/Madd_S_Madd_cy<26> (XLXI_25/XLXI_8/U1/ADC_32/Madd_S_Madd_cy<26>)
     MUXCY:CI->O           1   0.014   0.000  XLXI_25/XLXI_8/U1/ADC_32/Madd_S_Madd_cy<27> (XLXI_25/XLXI_8/U1/ADC_32/Madd_S_Madd_cy<27>)
     MUXCY:CI->O           1   0.014   0.000  XLXI_25/XLXI_8/U1/ADC_32/Madd_S_Madd_cy<28> (XLXI_25/XLXI_8/U1/ADC_32/Madd_S_Madd_cy<28>)
     MUXCY:CI->O           1   0.014   0.000  XLXI_25/XLXI_8/U1/ADC_32/Madd_S_Madd_cy<29> (XLXI_25/XLXI_8/U1/ADC_32/Madd_S_Madd_cy<29>)
     MUXCY:CI->O           1   0.014   0.000  XLXI_25/XLXI_8/U1/ADC_32/Madd_S_Madd_cy<30> (XLXI_25/XLXI_8/U1/ADC_32/Madd_S_Madd_cy<30>)
     XORCY:CI->O           1   0.262   0.350  XLXI_25/XLXI_8/U1/ADC_32/Madd_S_Madd_xor<31> (XLXI_25/XLXI_8/U1/S<31>)
     LUT6:I5->O           84   0.043   0.742  XLXI_25/XLXI_8/U1/MUXALU/Mmux_o251 (Addr_out<31>)
     begin scope: 'U4:addr_bus<31>'
     LUT5:I0->O           32   0.043   0.743  Mmux_data_ram_rd11 (data_ram_rd)
     LUT6:I0->O            2   0.043   0.527  Mmux_Cpu_data4bus171 (Cpu_data4bus<24>)
     end scope: 'U4:Cpu_data4bus<24>'
     begin scope: 'U5:data6<24>'
     LUT6:I2->O            1   0.043   0.000  MUX1_DispData/Mmux_o_316 (MUX1_DispData/Mmux_o_316)
     MUXF7:I1->O          16   0.178   0.605  MUX1_DispData/Mmux_o_2_f7_15 (Disp_num<24>)
     end scope: 'U5:Disp_num<24>'
     begin scope: 'XLXI_18:Hexs<24>'
     LUT6:I2->O            1   0.043   0.000  M2/Mmux_Hexo_3 (M2/Mmux_Hexo_3)
     MUXF7:I1->O          12   0.178   0.400  M2/Mmux_Hexo_2_f7 (Hex<0>)
     INV:I->O              6   0.054   0.641  M1/XLXI_4 (M1/XLXN_24)
     AND4:I0->O            1   0.043   0.613  M1/XLXI_28 (M1/XLXN_141)
     OR4:I0->O             1   0.043   0.603  M1/XLXI_29 (M1/XLXN_211)
     OR2:I1->O             1   0.043   0.350  M1/XLXI_50 (SEG_TXT<3>)
     LUT3:I2->O            1   0.043   0.339  MUXHM/Mmux_o4 (SEGMENT<3>)
     end scope: 'XLXI_18:SEGMENT<3>'
     OBUF:I->O                 0.000          SEGMENT_3_OBUF (SEGMENT<3>)
    ----------------------------------------
    Total                     11.736ns (2.239ns logic, 9.497ns route)
                                       (19.1% logic, 80.9% route)

=========================================================================
Timing constraint: Default OFFSET OUT AFTER for Clock 'XLXI_25/XLXI_9/_n0067'
  Total number of paths / destination ports: 340918 / 8
-------------------------------------------------------------------------
Offset:              8.532ns (Levels of Logic = 49)
  Source:            XLXI_25/XLXI_9/ALU_Control_2 (LATCH)
  Destination:       SEGMENT<6> (PAD)
  Source Clock:      XLXI_25/XLXI_9/_n0067 falling

  Data Path: XLXI_25/XLXI_9/ALU_Control_2 to SEGMENT<6>
                                Gate     Net
    Cell:in->out      fanout   Delay   Delay  Logical Name (Net Name)
    ----------------------------------------  ------------
     LD:G->Q              67   0.330   0.541  XLXI_25/XLXI_9/ALU_Control_2 (XLXI_25/XLXI_9/ALU_Control_2)
     LUT6:I4->O            1   0.043   0.000  XLXI_25/XLXI_8/U1/ADC_32/Madd_S_Madd_lut<0> (XLXI_25/XLXI_8/U1/ADC_32/Madd_S_Madd_lut<0>)
     MUXCY:S->O            1   0.238   0.000  XLXI_25/XLXI_8/U1/ADC_32/Madd_S_Madd_cy<0> (XLXI_25/XLXI_8/U1/ADC_32/Madd_S_Madd_cy<0>)
     MUXCY:CI->O           1   0.014   0.000  XLXI_25/XLXI_8/U1/ADC_32/Madd_S_Madd_cy<1> (XLXI_25/XLXI_8/U1/ADC_32/Madd_S_Madd_cy<1>)
     MUXCY:CI->O           1   0.014   0.000  XLXI_25/XLXI_8/U1/ADC_32/Madd_S_Madd_cy<2> (XLXI_25/XLXI_8/U1/ADC_32/Madd_S_Madd_cy<2>)
     MUXCY:CI->O           1   0.014   0.000  XLXI_25/XLXI_8/U1/ADC_32/Madd_S_Madd_cy<3> (XLXI_25/XLXI_8/U1/ADC_32/Madd_S_Madd_cy<3>)
     MUXCY:CI->O           1   0.014   0.000  XLXI_25/XLXI_8/U1/ADC_32/Madd_S_Madd_cy<4> (XLXI_25/XLXI_8/U1/ADC_32/Madd_S_Madd_cy<4>)
     MUXCY:CI->O           1   0.014   0.000  XLXI_25/XLXI_8/U1/ADC_32/Madd_S_Madd_cy<5> (XLXI_25/XLXI_8/U1/ADC_32/Madd_S_Madd_cy<5>)
     MUXCY:CI->O           1   0.014   0.000  XLXI_25/XLXI_8/U1/ADC_32/Madd_S_Madd_cy<6> (XLXI_25/XLXI_8/U1/ADC_32/Madd_S_Madd_cy<6>)
     MUXCY:CI->O           1   0.014   0.000  XLXI_25/XLXI_8/U1/ADC_32/Madd_S_Madd_cy<7> (XLXI_25/XLXI_8/U1/ADC_32/Madd_S_Madd_cy<7>)
     MUXCY:CI->O           1   0.014   0.000  XLXI_25/XLXI_8/U1/ADC_32/Madd_S_Madd_cy<8> (XLXI_25/XLXI_8/U1/ADC_32/Madd_S_Madd_cy<8>)
     MUXCY:CI->O           1   0.014   0.000  XLXI_25/XLXI_8/U1/ADC_32/Madd_S_Madd_cy<9> (XLXI_25/XLXI_8/U1/ADC_32/Madd_S_Madd_cy<9>)
     MUXCY:CI->O           1   0.014   0.000  XLXI_25/XLXI_8/U1/ADC_32/Madd_S_Madd_cy<10> (XLXI_25/XLXI_8/U1/ADC_32/Madd_S_Madd_cy<10>)
     MUXCY:CI->O           1   0.014   0.000  XLXI_25/XLXI_8/U1/ADC_32/Madd_S_Madd_cy<11> (XLXI_25/XLXI_8/U1/ADC_32/Madd_S_Madd_cy<11>)
     MUXCY:CI->O           1   0.014   0.000  XLXI_25/XLXI_8/U1/ADC_32/Madd_S_Madd_cy<12> (XLXI_25/XLXI_8/U1/ADC_32/Madd_S_Madd_cy<12>)
     MUXCY:CI->O           1   0.014   0.000  XLXI_25/XLXI_8/U1/ADC_32/Madd_S_Madd_cy<13> (XLXI_25/XLXI_8/U1/ADC_32/Madd_S_Madd_cy<13>)
     MUXCY:CI->O           1   0.014   0.000  XLXI_25/XLXI_8/U1/ADC_32/Madd_S_Madd_cy<14> (XLXI_25/XLXI_8/U1/ADC_32/Madd_S_Madd_cy<14>)
     MUXCY:CI->O           1   0.014   0.000  XLXI_25/XLXI_8/U1/ADC_32/Madd_S_Madd_cy<15> (XLXI_25/XLXI_8/U1/ADC_32/Madd_S_Madd_cy<15>)
     MUXCY:CI->O           1   0.014   0.000  XLXI_25/XLXI_8/U1/ADC_32/Madd_S_Madd_cy<16> (XLXI_25/XLXI_8/U1/ADC_32/Madd_S_Madd_cy<16>)
     MUXCY:CI->O           1   0.014   0.000  XLXI_25/XLXI_8/U1/ADC_32/Madd_S_Madd_cy<17> (XLXI_25/XLXI_8/U1/ADC_32/Madd_S_Madd_cy<17>)
     MUXCY:CI->O           1   0.014   0.000  XLXI_25/XLXI_8/U1/ADC_32/Madd_S_Madd_cy<18> (XLXI_25/XLXI_8/U1/ADC_32/Madd_S_Madd_cy<18>)
     MUXCY:CI->O           1   0.014   0.000  XLXI_25/XLXI_8/U1/ADC_32/Madd_S_Madd_cy<19> (XLXI_25/XLXI_8/U1/ADC_32/Madd_S_Madd_cy<19>)
     MUXCY:CI->O           1   0.014   0.000  XLXI_25/XLXI_8/U1/ADC_32/Madd_S_Madd_cy<20> (XLXI_25/XLXI_8/U1/ADC_32/Madd_S_Madd_cy<20>)
     MUXCY:CI->O           1   0.014   0.000  XLXI_25/XLXI_8/U1/ADC_32/Madd_S_Madd_cy<21> (XLXI_25/XLXI_8/U1/ADC_32/Madd_S_Madd_cy<21>)
     MUXCY:CI->O           1   0.014   0.000  XLXI_25/XLXI_8/U1/ADC_32/Madd_S_Madd_cy<22> (XLXI_25/XLXI_8/U1/ADC_32/Madd_S_Madd_cy<22>)
     MUXCY:CI->O           1   0.014   0.000  XLXI_25/XLXI_8/U1/ADC_32/Madd_S_Madd_cy<23> (XLXI_25/XLXI_8/U1/ADC_32/Madd_S_Madd_cy<23>)
     MUXCY:CI->O           1   0.014   0.000  XLXI_25/XLXI_8/U1/ADC_32/Madd_S_Madd_cy<24> (XLXI_25/XLXI_8/U1/ADC_32/Madd_S_Madd_cy<24>)
     MUXCY:CI->O           1   0.014   0.000  XLXI_25/XLXI_8/U1/ADC_32/Madd_S_Madd_cy<25> (XLXI_25/XLXI_8/U1/ADC_32/Madd_S_Madd_cy<25>)
     MUXCY:CI->O           1   0.014   0.000  XLXI_25/XLXI_8/U1/ADC_32/Madd_S_Madd_cy<26> (XLXI_25/XLXI_8/U1/ADC_32/Madd_S_Madd_cy<26>)
     MUXCY:CI->O           1   0.014   0.000  XLXI_25/XLXI_8/U1/ADC_32/Madd_S_Madd_cy<27> (XLXI_25/XLXI_8/U1/ADC_32/Madd_S_Madd_cy<27>)
     MUXCY:CI->O           1   0.014   0.000  XLXI_25/XLXI_8/U1/ADC_32/Madd_S_Madd_cy<28> (XLXI_25/XLXI_8/U1/ADC_32/Madd_S_Madd_cy<28>)
     MUXCY:CI->O           1   0.014   0.000  XLXI_25/XLXI_8/U1/ADC_32/Madd_S_Madd_cy<29> (XLXI_25/XLXI_8/U1/ADC_32/Madd_S_Madd_cy<29>)
     MUXCY:CI->O           1   0.014   0.000  XLXI_25/XLXI_8/U1/ADC_32/Madd_S_Madd_cy<30> (XLXI_25/XLXI_8/U1/ADC_32/Madd_S_Madd_cy<30>)
     XORCY:CI->O           1   0.262   0.350  XLXI_25/XLXI_8/U1/ADC_32/Madd_S_Madd_xor<31> (XLXI_25/XLXI_8/U1/S<31>)
     LUT6:I5->O           84   0.043   0.742  XLXI_25/XLXI_8/U1/MUXALU/Mmux_o251 (Addr_out<31>)
     begin scope: 'U4:addr_bus<31>'
     LUT5:I0->O           32   0.043   0.743  Mmux_data_ram_rd11 (data_ram_rd)
     LUT6:I0->O            2   0.043   0.527  Mmux_Cpu_data4bus171 (Cpu_data4bus<24>)
     end scope: 'U4:Cpu_data4bus<24>'
     begin scope: 'U5:data6<24>'
     LUT6:I2->O            1   0.043   0.000  MUX1_DispData/Mmux_o_316 (MUX1_DispData/Mmux_o_316)
     MUXF7:I1->O          16   0.178   0.605  MUX1_DispData/Mmux_o_2_f7_15 (Disp_num<24>)
     end scope: 'U5:Disp_num<24>'
     begin scope: 'XLXI_18:Hexs<24>'
     LUT6:I2->O            1   0.043   0.000  M2/Mmux_Hexo_3 (M2/Mmux_Hexo_3)
     MUXF7:I1->O          12   0.178   0.400  M2/Mmux_Hexo_2_f7 (Hex<0>)
     INV:I->O              6   0.054   0.641  M1/XLXI_4 (M1/XLXN_24)
     AND4:I0->O            1   0.043   0.613  M1/XLXI_28 (M1/XLXN_141)
     OR4:I0->O             1   0.043   0.603  M1/XLXI_29 (M1/XLXN_211)
     OR2:I1->O             1   0.043   0.350  M1/XLXI_50 (SEG_TXT<3>)
     LUT3:I2->O            1   0.043   0.339  MUXHM/Mmux_o4 (SEGMENT<3>)
     end scope: 'XLXI_18:SEGMENT<3>'
     OBUF:I->O                 0.000          SEGMENT_3_OBUF (SEGMENT<3>)
    ----------------------------------------
    Total                      8.532ns (2.075ns logic, 6.457ns route)
                                       (24.3% logic, 75.7% route)

=========================================================================
Timing constraint: Default OFFSET OUT AFTER for Clock 'U8/clkdiv_6'
  Total number of paths / destination ports: 1463 / 8
-------------------------------------------------------------------------
Offset:              5.566ns (Levels of Logic = 14)
  Source:            U10/counter0_24 (FF)
  Destination:       SEGMENT<6> (PAD)
  Source Clock:      U8/clkdiv_6 rising

  Data Path: U10/counter0_24 to SEGMENT<6>
                                Gate     Net
    Cell:in->out      fanout   Delay   Delay  Logical Name (Net Name)
    ----------------------------------------  ------------
     FDC:C->Q              4   0.236   0.539  U10/counter0_24 (U10/counter0_24)
     begin scope: 'U4:counter_out<24>'
     LUT6:I2->O            2   0.043   0.527  Mmux_Cpu_data4bus171 (Cpu_data4bus<24>)
     end scope: 'U4:Cpu_data4bus<24>'
     begin scope: 'U5:data6<24>'
     LUT6:I2->O            1   0.043   0.000  MUX1_DispData/Mmux_o_316 (MUX1_DispData/Mmux_o_316)
     MUXF7:I1->O          16   0.178   0.605  MUX1_DispData/Mmux_o_2_f7_15 (Disp_num<24>)
     end scope: 'U5:Disp_num<24>'
     begin scope: 'XLXI_18:Hexs<24>'
     LUT6:I2->O            1   0.043   0.000  M2/Mmux_Hexo_3 (M2/Mmux_Hexo_3)
     MUXF7:I1->O          12   0.178   0.400  M2/Mmux_Hexo_2_f7 (Hex<0>)
     INV:I->O              6   0.054   0.641  M1/XLXI_4 (M1/XLXN_24)
     AND4:I0->O            1   0.043   0.613  M1/XLXI_28 (M1/XLXN_141)
     OR4:I0->O             1   0.043   0.603  M1/XLXI_29 (M1/XLXN_211)
     OR2:I1->O             1   0.043   0.350  M1/XLXI_50 (SEG_TXT<3>)
     LUT3:I2->O            1   0.043   0.339  MUXHM/Mmux_o4 (SEGMENT<3>)
     end scope: 'XLXI_18:SEGMENT<3>'
     OBUF:I->O                 0.000          SEGMENT_3_OBUF (SEGMENT<3>)
    ----------------------------------------
    Total                      5.566ns (0.947ns logic, 4.619ns route)
                                       (17.0% logic, 83.0% route)

=========================================================================

Cross Clock Domains Report:
--------------------------

Clock to Setup on destination clock Clk_CPU
---------------------+---------+---------+---------+---------+
                     | Src:Rise| Src:Fall| Src:Rise| Src:Fall|
Source Clock         |Dest:Rise|Dest:Rise|Dest:Fall|Dest:Fall|
---------------------+---------+---------+---------+---------+
Clk_CPU              |    9.297|         |    6.789|         |
U8/clkdiv_6          |    1.890|         |    0.897|         |
XLXI_25/XLXI_9/_n0067|         |    6.092|    3.584|         |
clk_100mhz           |    1.894|         |    1.718|         |
---------------------+---------+---------+---------+---------+

Clock to Setup on destination clock M4/push
---------------+---------+---------+---------+---------+
               | Src:Rise| Src:Fall| Src:Rise| Src:Fall|
Source Clock   |Dest:Rise|Dest:Rise|Dest:Fall|Dest:Fall|
---------------+---------+---------+---------+---------+
M4/push        |    1.069|         |         |         |
U9/clk1        |    0.818|         |         |         |
clk_100mhz     |    1.340|         |         |         |
---------------+---------+---------+---------+---------+

Clock to Setup on destination clock U8/clkdiv_6
---------------+---------+---------+---------+---------+
               | Src:Rise| Src:Fall| Src:Rise| Src:Fall|
Source Clock   |Dest:Rise|Dest:Rise|Dest:Fall|Dest:Fall|
---------------+---------+---------+---------+---------+
Clk_CPU        |         |    2.138|         |         |
U8/clkdiv_6    |    2.221|         |         |         |
clk_100mhz     |    1.619|         |         |         |
---------------+---------+---------+---------+---------+

Clock to Setup on destination clock U9/clk1
---------------+---------+---------+---------+---------+
               | Src:Rise| Src:Fall| Src:Rise| Src:Fall|
Source Clock   |Dest:Rise|Dest:Rise|Dest:Fall|Dest:Fall|
---------------+---------+---------+---------+---------+
U9/clk1        |    2.152|         |         |         |
clk_100mhz     |    1.292|         |         |         |
---------------+---------+---------+---------+---------+

Clock to Setup on destination clock XLXI_25/XLXI_9/_n0067
---------------+---------+---------+---------+---------+
               | Src:Rise| Src:Fall| Src:Rise| Src:Fall|
Source Clock   |Dest:Rise|Dest:Rise|Dest:Fall|Dest:Fall|
---------------+---------+---------+---------+---------+
Clk_CPU        |         |         |    3.581|         |
---------------+---------+---------+---------+---------+

Clock to Setup on destination clock clk_100mhz
---------------------+---------+---------+---------+---------+
                     | Src:Rise| Src:Fall| Src:Rise| Src:Fall|
Source Clock         |Dest:Rise|Dest:Rise|Dest:Fall|Dest:Fall|
---------------------+---------+---------+---------+---------+
Clk_CPU              |   11.096|    4.164|    7.003|         |
M4/push              |    1.928|         |         |         |
U8/clkdiv_6          |    4.926|         |         |         |
U9/clk1              |    1.100|         |         |         |
XLXI_25/XLXI_9/_n0067|         |    7.891|    3.799|         |
clk_100mhz           |    4.930|         |         |         |
---------------------+---------+---------+---------+---------+

=========================================================================


Total REAL time to Xst completion: 18.00 secs
Total CPU time to Xst completion: 17.89 secs
 
--> 

Total memory usage is 4662544 kilobytes

Number of errors   :    0 (   0 filtered)
Number of warnings :   77 (   0 filtered)
Number of infos    :   10 (   0 filtered)

