iMPACT Version: 14.7

iMPACT log file Started on Tue May 14 18:02:12 2019

Welcome to iMPACT
iMPACT Version: 14.7
Project: 'D:\disp_num_hyy_ex13/\auto_project.ipf' already exists.
Original project has been renamed to 'D:\disp_num_hyy_ex13/\auto_project_1.ipf'.
Project: D:\disp_num_hyy_ex13/\auto_project.ipf created.
// *** BATCH CMD : setMode -bs
// *** BATCH CMD : setMode -ss
// *** BATCH CMD : setMode -sm
// *** BATCH CMD : setMode -hw140
// *** BATCH CMD : setMode -spi
// *** BATCH CMD : setMode -acecf
// *** BATCH CMD : setMode -acempm
// *** BATCH CMD : setMode -pff
// *** BATCH CMD : loadProjectFile -file"D:\ISE147\LEDTEST\testled2017\auto_project.ipf"
'1': Loading file 'E:\OExp09_IP2MCPU\top.bit' ...
done.
INFO:iMPACT:1777 - 
   Reading C:/Xilinx/14.7/ISE_DS/ISE/kintex7/data/xc7k160t.bsd...
INFO:iMPACT - Using CseAdapterBSDevice
INFO:iMPACT:2257 - Startup Clock has been changed to 'JtagClk' in the bitstream   stored in memory,
   but the original bitstream file remains unchanged.
UserID read from the bitstream file = 0xFFFFFFFF.
Data width read from the bitstream file = 1.
INFO:iMPACT:501 - '1': Added Device xc7k160t successfully.
----------------------------------------------------------------------
Active mode is BS
// *** BATCH CMD : setMode -ss
// *** BATCH CMD : setMode -sm
// *** BATCH CMD : setMode -hw140
// *** BATCH CMD : setMode -spi
// *** BATCH CMD : setMode -acecf
// *** BATCH CMD : setMode -acempm
// *** BATCH CMD : setMode -pff
// *** BATCH CMD : setMode -bs
// *** BATCH CMD : cutDevice -p 1
INFO:iMPACT - Using CseAdapterBSDevice
// *** BATCH CMD : addDevice -p 1 -file "E:/OExp09_IP2MCPU/top.bit"
'1': Loading file 'E:/OExp09_IP2MCPU/top.bit' ...
done.
INFO:iMPACT - Using CseAdapterBSDevice
INFO:iMPACT:2257 - Startup Clock has been changed to 'JtagClk' in the bitstream   stored in memory,
   but the original bitstream file remains unchanged.
UserID read from the bitstream file = 0xFFFFFFFF.
Data width read from the bitstream file = 1.
INFO:iMPACT:501 - '1': Added Device xc7k160t successfully.
----------------------------------------------------------------------
GUI --- Auto connect to cable...
// *** BATCH CMD : setCable -port auto
INFO:iMPACT - Digilent Plugin: Plugin Version: 2.4.4
INFO:iMPACT - Digilent Plugin: no JTAG device was found.
AutoDetecting cable. Please wait.
*** WARNING ***: When port is set to auto detect mode, cable speed is set todefault 6 MHz regardless of explicit arguments supplied for setting the baudrates
PROGRESS_START - Starting Operation.
Connecting to cable (Usb Port - USB21).
Checking cable driver.
 Driver file xusb_xlp.sys found.
 Driver version: src=1029, dest=1029.
 Driver windrvr6.sys version = 10.2.1.0. WinDriver v10.21 Jungo (c) 1997 - 2010 Build Date: Aug 31 2010 x86_64 64bit SYS14:14:44, version = 1021.
 Cable PID = 0008.
 Max current requested during enumeration is 74 mA.
Type = 0x0004.
 Cable Type = 3, Revision = 0.
 Setting cable speed to 6 MHz.
Cable connection established.
Firmware version = 1029.
File version of C:/Xilinx/14.7/ISE_DS/ISE/data/xusb_xlp.hex = 1303.
Firmware hex file version = 1303.
Downloading C:/Xilinx/14.7/ISE_DS/ISE/data/xusb_xlp.hex.
Downloaded firmware version = 1303.
PLD file version = 0012h.
 PLD version = 0012h.
PROGRESS_END - End Operation.
Elapsed time =      0 sec.
Type = 0x0004.
 ESN device is not available for this cable.
INFO:iMPACT - Current time: 2019/5/14 18:02:40
// *** BATCH CMD : Program -p 1 
Maximum TCK operating frequency for this device chain: 66000000.
Validating chain...
Boundary-scan chain validated successfully.
1: Device Temperature: Current Reading:   38.07 C, Min. Reading:   37.58 C, Max.Reading:   38.56 C
1: VCCINT Supply: Current Reading:   0.990 V, Min. Reading:   0.990 V, Max.Reading:   0.993 V
1: VCCAUX Supply: Current Reading:   1.772 V, Min. Reading:   1.770 V, Max.Reading:   1.775 V
INFO:iMPACT - Creating XC7K160T device.
PROGRESS_START - Starting Operation.
'1': Programming device...
 Match_cycle = NoWait.
Match cycle: NoWait
 LCK_cycle = NoWait.
LCK cycle: NoWait
done.
INFO:Cse - Status register values:
INFO:Cse - 0011 1111 1001 1110 0000 1000 0000 0010 
INFO:Cse - '1': Completed downloading bit file to device.
INFO:Cse - '1': Programming completed successfully.
PROGRESS_END - End Operation.
Elapsed time =     15 sec.
 Match_cycle = NoWait.
Match cycle: NoWait
 LCK_cycle = NoWait.
LCK cycle: NoWait
INFO:iMPACT - '1': Checking done pin....done.
'1': Programmed successfully.
Project: 'D:\disp_num_hyy_ex13/\auto_project.ipf' created.
// *** BATCH CMD : setMode -bs
// *** BATCH CMD : setMode -ss
// *** BATCH CMD : setMode -sm
// *** BATCH CMD : setMode -hw140
// *** BATCH CMD : setMode -spi
// *** BATCH CMD : setMode -acecf
// *** BATCH CMD : setMode -acempm
// *** BATCH CMD : setMode -pff
// *** BATCH CMD : setMode -bs
// *** BATCH CMD : saveProjectFile -file"D:\disp_num_hyy_ex13/\auto_project.ipf"
// *** BATCH CMD : setMode -bs
INFO:iMPACT - Launching WebTalk, please refer to the webtalk log at   D:\disp_num_hyy_ex13\webtalk.log for details.
INFO:iMPACT - Running wbtc successfully.
// *** BATCH CMD : setMode -bs
// *** BATCH CMD : deleteDevice -position 1
// *** BATCH CMD : setMode -bs
// *** BATCH CMD : setMode -ss
// *** BATCH CMD : setMode -sm
// *** BATCH CMD : setMode -hw140
// *** BATCH CMD : setMode -spi
// *** BATCH CMD : setMode -acecf
// *** BATCH CMD : setMode -acempm
// *** BATCH CMD : setMode -pff
