--------------------------------------------------------------------------------
Release 14.7 Trace  (nt64)
Copyright (c) 1995-2013 Xilinx, Inc.  All rights reserved.

C:\Xilinx\14.7\ISE_DS\ISE\bin\nt64\unwrapped\trce.exe -intstyle ise -v 3 -s 2L
-n 3 -fastpaths -xml SOCMF.twx SOCMF.ncd -o SOCMF.twr SOCMF.pcf

Design file:              SOCMF.ncd
Physical constraint file: SOCMF.pcf
Device,package,speed:     xc7k160t,ffg676,C,-2L (PRODUCTION 1.10 2013-10-13)
Report level:             verbose report

Environment Variable      Effect 
--------------------      ------ 
NONE                      No environment variables were set
--------------------------------------------------------------------------------

INFO:Timing:3412 - To improve timing, see the Timing Closure User Guide (UG612).
INFO:Timing:2752 - To get complete path coverage, use the unconstrained paths 
   option. All paths that are not constrained will be reported in the 
   unconstrained paths section(s) of the report.
INFO:Timing:3339 - The clock-to-out numbers in this timing report are based on 
   a 50 Ohm transmission line loading model.  For the details of this model, 
   and for more information on accounting for different loading conditions, 
   please see the device datasheet.

================================================================================
Timing constraint: TS_CLK_100M = PERIOD TIMEGRP "TM_CLK" 10 ns HIGH 50%;
For more information, see Period Analysis in the Timing Closure User Guide (UG612).

 5097 paths analyzed, 499 endpoints analyzed, 0 failing endpoints
 0 timing errors detected. (0 setup errors, 0 hold errors, 0 component switching limit errors)
 Minimum period is   3.899ns.
--------------------------------------------------------------------------------

Paths for end point U6/P7SEG/EN (SLICE_X44Y71.CE), 1 path
--------------------------------------------------------------------------------
Slack (setup path):     6.101ns (requirement - (data path - clock path skew + uncertainty))
  Source:               U9/rst (FF)
  Destination:          U6/P7SEG/EN (FF)
  Requirement:          10.000ns
  Data Path Delay:      3.518ns (Levels of Logic = 1)
  Clock Path Skew:      -0.346ns (0.985 - 1.331)
  Source Clock:         clk_100mhz_BUFGP rising at 0.000ns
  Destination Clock:    clk_100mhz_BUFGP rising at 10.000ns
  Clock Uncertainty:    0.035ns

  Clock Uncertainty:          0.035ns  ((TSJ^2 + TIJ^2)^1/2 + DJ) / 2 + PE
    Total System Jitter (TSJ):  0.070ns
    Total Input Jitter (TIJ):   0.000ns
    Discrete Jitter (DJ):       0.000ns
    Phase Error (PE):           0.000ns

  Maximum Data Path at Slow Process Corner: U9/rst to U6/P7SEG/EN
    Location             Delay type         Delay(ns)  Physical Resource
                                                       Logical Resource(s)
    -------------------------------------------------  -------------------
    SLICE_X100Y34.AQ     Tcko                  0.223   rst
                                                       U9/rst
    SLICE_X45Y71.D2      net (fanout=211)      2.736   rst
    SLICE_X45Y71.D       Tilo                  0.043   U6/P7SEG/S<1>
                                                       U6/P7SEG/rst_inv1_INV_0
    SLICE_X44Y71.CE      net (fanout=2)        0.338   U6/P7SEG/rst_inv
    SLICE_X44Y71.CLK     Tceck                 0.178   SEGEN_OBUF
                                                       U6/P7SEG/EN
    -------------------------------------------------  ---------------------------
    Total                                      3.518ns (0.444ns logic, 3.074ns route)
                                                       (12.6% logic, 87.4% route)

--------------------------------------------------------------------------------

Paths for end point U6/P7SEG/S_0 (SLICE_X45Y71.CE), 1 path
--------------------------------------------------------------------------------
Slack (setup path):     6.188ns (requirement - (data path - clock path skew + uncertainty))
  Source:               U9/rst (FF)
  Destination:          U6/P7SEG/S_0 (FF)
  Requirement:          10.000ns
  Data Path Delay:      3.431ns (Levels of Logic = 1)
  Clock Path Skew:      -0.346ns (0.985 - 1.331)
  Source Clock:         clk_100mhz_BUFGP rising at 0.000ns
  Destination Clock:    clk_100mhz_BUFGP rising at 10.000ns
  Clock Uncertainty:    0.035ns

  Clock Uncertainty:          0.035ns  ((TSJ^2 + TIJ^2)^1/2 + DJ) / 2 + PE
    Total System Jitter (TSJ):  0.070ns
    Total Input Jitter (TIJ):   0.000ns
    Discrete Jitter (DJ):       0.000ns
    Phase Error (PE):           0.000ns

  Maximum Data Path at Slow Process Corner: U9/rst to U6/P7SEG/S_0
    Location             Delay type         Delay(ns)  Physical Resource
                                                       Logical Resource(s)
    -------------------------------------------------  -------------------
    SLICE_X100Y34.AQ     Tcko                  0.223   rst
                                                       U9/rst
    SLICE_X45Y71.D2      net (fanout=211)      2.736   rst
    SLICE_X45Y71.D       Tilo                  0.043   U6/P7SEG/S<1>
                                                       U6/P7SEG/rst_inv1_INV_0
    SLICE_X45Y71.CE      net (fanout=2)        0.228   U6/P7SEG/rst_inv
    SLICE_X45Y71.CLK     Tceck                 0.201   U6/P7SEG/S<1>
                                                       U6/P7SEG/S_0
    -------------------------------------------------  ---------------------------
    Total                                      3.431ns (0.467ns logic, 2.964ns route)
                                                       (13.6% logic, 86.4% route)

--------------------------------------------------------------------------------

Paths for end point U6/P7SEG/S_1 (SLICE_X45Y71.CE), 1 path
--------------------------------------------------------------------------------
Slack (setup path):     6.188ns (requirement - (data path - clock path skew + uncertainty))
  Source:               U9/rst (FF)
  Destination:          U6/P7SEG/S_1 (FF)
  Requirement:          10.000ns
  Data Path Delay:      3.431ns (Levels of Logic = 1)
  Clock Path Skew:      -0.346ns (0.985 - 1.331)
  Source Clock:         clk_100mhz_BUFGP rising at 0.000ns
  Destination Clock:    clk_100mhz_BUFGP rising at 10.000ns
  Clock Uncertainty:    0.035ns

  Clock Uncertainty:          0.035ns  ((TSJ^2 + TIJ^2)^1/2 + DJ) / 2 + PE
    Total System Jitter (TSJ):  0.070ns
    Total Input Jitter (TIJ):   0.000ns
    Discrete Jitter (DJ):       0.000ns
    Phase Error (PE):           0.000ns

  Maximum Data Path at Slow Process Corner: U9/rst to U6/P7SEG/S_1
    Location             Delay type         Delay(ns)  Physical Resource
                                                       Logical Resource(s)
    -------------------------------------------------  -------------------
    SLICE_X100Y34.AQ     Tcko                  0.223   rst
                                                       U9/rst
    SLICE_X45Y71.D2      net (fanout=211)      2.736   rst
    SLICE_X45Y71.D       Tilo                  0.043   U6/P7SEG/S<1>
                                                       U6/P7SEG/rst_inv1_INV_0
    SLICE_X45Y71.CE      net (fanout=2)        0.228   U6/P7SEG/rst_inv
    SLICE_X45Y71.CLK     Tceck                 0.201   U6/P7SEG/S<1>
                                                       U6/P7SEG/S_1
    -------------------------------------------------  ---------------------------
    Total                                      3.431ns (0.467ns logic, 2.964ns route)
                                                       (13.6% logic, 86.4% route)

--------------------------------------------------------------------------------

Hold Paths: TS_CLK_100M = PERIOD TIMEGRP "TM_CLK" 10 ns HIGH 50%;
--------------------------------------------------------------------------------

Paths for end point U6/P7SEG/sh_clk (SLICE_X44Y76.A6), 1 path
--------------------------------------------------------------------------------
Slack (hold path):      0.138ns (requirement - (clock path skew + uncertainty - data path))
  Source:               U6/P7SEG/sh_clk_1 (FF)
  Destination:          U6/P7SEG/sh_clk (FF)
  Requirement:          0.000ns
  Data Path Delay:      0.138ns (Levels of Logic = 1)
  Clock Path Skew:      0.000ns
  Source Clock:         clk_100mhz_BUFGP rising at 10.000ns
  Destination Clock:    clk_100mhz_BUFGP rising at 10.000ns
  Clock Uncertainty:    0.000ns

  Minimum Data Path at Fast Process Corner: U6/P7SEG/sh_clk_1 to U6/P7SEG/sh_clk
    Location             Delay type         Delay(ns)  Physical Resource
                                                       Logical Resource(s)
    -------------------------------------------------  -------------------
    SLICE_X44Y76.AMUX    Tshcko                0.143   U6/P7SEG/sh_clk
                                                       U6/P7SEG/sh_clk_1
    SLICE_X44Y76.A6      net (fanout=1)        0.054   U6/P7SEG/sh_clk_1
    SLICE_X44Y76.CLK     Tah         (-Th)     0.059   U6/P7SEG/sh_clk
                                                       U6/P7SEG/state[1]_GND_13_o_Select_19_o1
                                                       U6/P7SEG/sh_clk
    -------------------------------------------------  ---------------------------
    Total                                      0.138ns (0.084ns logic, 0.054ns route)
                                                       (60.9% logic, 39.1% route)

--------------------------------------------------------------------------------

Paths for end point U6/P7SEG/S_0 (SLICE_X45Y71.A5), 1 path
--------------------------------------------------------------------------------
Slack (hold path):      0.170ns (requirement - (clock path skew + uncertainty - data path))
  Source:               U6/P7SEG/S_0_1 (FF)
  Destination:          U6/P7SEG/S_0 (FF)
  Requirement:          0.000ns
  Data Path Delay:      0.170ns (Levels of Logic = 1)
  Clock Path Skew:      0.000ns
  Source Clock:         clk_100mhz_BUFGP rising at 10.000ns
  Destination Clock:    clk_100mhz_BUFGP rising at 10.000ns
  Clock Uncertainty:    0.000ns

  Minimum Data Path at Fast Process Corner: U6/P7SEG/S_0_1 to U6/P7SEG/S_0
    Location             Delay type         Delay(ns)  Physical Resource
                                                       Logical Resource(s)
    -------------------------------------------------  -------------------
    SLICE_X45Y71.CMUX    Tshcko                0.127   U6/P7SEG/S<1>
                                                       U6/P7SEG/S_0_1
    SLICE_X45Y71.A5      net (fanout=1)        0.075   U6/P7SEG/S_0_1
    SLICE_X45Y71.CLK     Tah         (-Th)     0.032   U6/P7SEG/S<1>
                                                       U6/P7SEG/state[1]_PWR_13_o_select_17_OUT<0>1
                                                       U6/P7SEG/S_0
    -------------------------------------------------  ---------------------------
    Total                                      0.170ns (0.095ns logic, 0.075ns route)
                                                       (55.9% logic, 44.1% route)

--------------------------------------------------------------------------------

Paths for end point U6/P7SEG/state_FSM_FFd1 (SLICE_X44Y72.D5), 1 path
--------------------------------------------------------------------------------
Slack (hold path):      0.192ns (requirement - (clock path skew + uncertainty - data path))
  Source:               U6/P7SEG/Go_1 (FF)
  Destination:          U6/P7SEG/state_FSM_FFd1 (FF)
  Requirement:          0.000ns
  Data Path Delay:      0.192ns (Levels of Logic = 1)
  Clock Path Skew:      0.000ns
  Source Clock:         clk_100mhz_BUFGP rising at 10.000ns
  Destination Clock:    clk_100mhz_BUFGP rising at 10.000ns
  Clock Uncertainty:    0.000ns

  Minimum Data Path at Fast Process Corner: U6/P7SEG/Go_1 to U6/P7SEG/state_FSM_FFd1
    Location             Delay type         Delay(ns)  Physical Resource
                                                       Logical Resource(s)
    -------------------------------------------------  -------------------
    SLICE_X44Y72.BQ      Tcko                  0.118   U6/P7SEG/state_FSM_FFd1
                                                       U6/P7SEG/Go_1
    SLICE_X44Y72.D5      net (fanout=4)        0.133   U6/P7SEG/Go<1>
    SLICE_X44Y72.CLK     Tah         (-Th)     0.059   U6/P7SEG/state_FSM_FFd1
                                                       U6/P7SEG/state_FSM_FFd1-In1
                                                       U6/P7SEG/state_FSM_FFd1
    -------------------------------------------------  ---------------------------
    Total                                      0.192ns (0.059ns logic, 0.133ns route)
                                                       (30.7% logic, 69.3% route)

--------------------------------------------------------------------------------

Component Switching Limit Checks: TS_CLK_100M = PERIOD TIMEGRP "TM_CLK" 10 ns HIGH 50%;
--------------------------------------------------------------------------------
Slack: 8.591ns (period - min period limit)
  Period: 10.000ns
  Min period limit: 1.409ns (709.723MHz) (Tbcper_I(Fmax))
  Physical resource: clk_100mhz_BUFGP/BUFG/I0
  Logical resource: clk_100mhz_BUFGP/BUFG/I0
  Location pin: BUFGCTRL_X0Y0.I0
  Clock network: clk_100mhz_BUFGP/IBUFG
--------------------------------------------------------------------------------
Slack: 9.200ns (period - (min high pulse limit / (high pulse / period)))
  Period: 10.000ns
  High pulse: 5.000ns
  High pulse limit: 0.400ns (Trpw)
  Physical resource: U8/clkdiv<3>/SR
  Logical resource: U8/clkdiv_0/SR
  Location pin: SLICE_X48Y70.SR
  Clock network: rst
--------------------------------------------------------------------------------
Slack: 9.200ns (period - (min high pulse limit / (high pulse / period)))
  Period: 10.000ns
  High pulse: 5.000ns
  High pulse limit: 0.400ns (Trpw)
  Physical resource: U8/clkdiv<3>/SR
  Logical resource: U8/clkdiv_1/SR
  Location pin: SLICE_X48Y70.SR
  Clock network: rst
--------------------------------------------------------------------------------


All constraints were met.


Data Sheet report:
-----------------
All values displayed in nanoseconds (ns)

Clock to Setup on destination clock clk_100mhz
---------------+---------+---------+---------+---------+
               | Src:Rise| Src:Fall| Src:Rise| Src:Fall|
Source Clock   |Dest:Rise|Dest:Rise|Dest:Fall|Dest:Fall|
---------------+---------+---------+---------+---------+
clk_100mhz     |    3.899|         |         |         |
---------------+---------+---------+---------+---------+


Timing summary:
---------------

Timing errors: 0  Score: 0  (Setup/Max: 0, Hold: 0)

Constraints cover 5097 paths, 0 nets, and 639 connections

Design statistics:
   Minimum period:   3.899ns{1}   (Maximum frequency: 256.476MHz)


------------------------------------Footnotes-----------------------------------
1)  The minimum period statistic assumes all single cycle delays.

Analysis completed Mon Jun 11 19:00:06 2018 
--------------------------------------------------------------------------------

Trace Settings:
-------------------------
Trace Settings 

Peak Memory Usage: 5116 MB



